<?xml version="1.0" encoding="UTF-8"?>
<testsuite xmlns:xsi="http://www.w3.org/2001/XMLSchema-instance" xsi:noNamespaceSchemaLocation="https://maven.apache.org/surefire/maven-surefire-plugin/xsd/surefire-test-report-3.0.xsd" version="3.0" name="gr.ed.technikon.test.PropertyServiceTest" time="1.827" tests="1" errors="0" skipped="0" failures="0">
  <properties>
[...]
</properties>
  <testcase name="findById" classname="gr.ed.technikon.test.PropertyServiceTest" time="1.825">
    <system-out><![CDATA[23:37:57.494 [main] DEBUG org.jboss.logging - Logging Provider: org.jboss.logging.Slf4jLoggerProvider
23:37:57.578 [main] DEBUG org.hibernate.jpa.HibernatePersistenceProvider - Located and parsed 1 persistence units; checking each
23:37:57.578 [main] DEBUG org.hibernate.jpa.HibernatePersistenceProvider - Checking persistence-unit [name=PERSISTENCE, explicit-provider=org.hibernate.jpa.HibernatePersistenceProvider] against incoming persistence unit name [PERSISTENCE]
23:37:57.578 [main] DEBUG org.hibernate.jpa.boot.spi.ProviderChecker - Persistence-unit [PERSISTENCE] requested PersistenceProvider [org.hibernate.jpa.HibernatePersistenceProvider]
23:37:57.584 [main] DEBUG org.hibernate.jpa.internal.util.LogHelper - PersistenceUnitInfo [
	name: PERSISTENCE
	persistence provider classname: org.hibernate.jpa.HibernatePersistenceProvider
	classloader: null
	excludeUnlistedClasses: false
	JTA datasource: null
	Non JTA datasource: null
	Transaction type: RESOURCE_LOCAL
	PU root URL: file:/C:/Users/johnr/Documents/NetBeansProjects/Technikon/target/classes/
	Shared Cache Mode: null
	Validation Mode: null
	Jar files URLs []
	Managed classes names []
	Mapping files names []
	Properties [
		javax.persistence.jdbc.driver: com.mysql.jdbc.Driver
		javax.persistence.jdbc.password: root
		hibernate.dialect: org.hibernate.dialect.MySQLDialect
		javax.persistence.jdbc.url: jdbc:mysql://localhost:3306/Technikon
		hibernate.show_sql: false
		hibernate.hbm2ddl.auto: create
		hibernate.format_sql: true
		javax.persistence.jdbc.user: root]
23:37:57.588 [main] DEBUG org.hibernate.integrator.internal.IntegratorServiceImpl - Adding Integrator [org.hibernate.boot.beanvalidation.BeanValidationIntegrator].
23:37:57.594 [main] DEBUG org.hibernate.integrator.internal.IntegratorServiceImpl - Adding Integrator [org.hibernate.cache.internal.CollectionCacheInvalidator].
23:37:57.655 [main] INFO org.hibernate.Version - HHH000412: Hibernate ORM core version 6.5.2.Final
23:37:57.656 [main] DEBUG org.hibernate.cfg.Environment - HHH000206: 'hibernate.properties' not found
23:37:57.658 [main] WARN org.hibernate.orm.deprecation - HHH90000021: Encountered deprecated setting [javax.persistence.jdbc.user], use [jakarta.persistence.jdbc.user] instead
23:37:57.658 [main] WARN org.hibernate.orm.deprecation - HHH90000021: Encountered deprecated setting [javax.persistence.jdbc.password], use [jakarta.persistence.jdbc.password] instead
23:37:57.658 [main] WARN org.hibernate.orm.deprecation - HHH90000021: Encountered deprecated setting [javax.persistence.jdbc.url], use [jakarta.persistence.jdbc.url] instead
23:37:57.659 [main] WARN org.hibernate.orm.deprecation - HHH90000021: Encountered deprecated setting [javax.persistence.jdbc.driver], use [jakarta.persistence.jdbc.driver] instead
23:37:57.672 [main] DEBUG org.hibernate.orm.idgen.factory - Ignoring CDI for resolving IdentifierGenerator instances as extended or delayed CDI support was enabled
23:37:57.678 [main] DEBUG org.hibernate.orm.idgen.factory - Registering IdentifierGenerator strategy [uuid2] -> [org.hibernate.id.UUIDGenerator]
23:37:57.678 [main] DEBUG org.hibernate.orm.idgen.factory - Registering IdentifierGenerator strategy [guid] -> [org.hibernate.id.GUIDGenerator]
23:37:57.679 [main] DEBUG org.hibernate.orm.idgen.factory - Registering IdentifierGenerator strategy [uuid] -> [org.hibernate.id.UUIDHexGenerator]
23:37:57.679 [main] DEBUG org.hibernate.orm.idgen.factory - Registering IdentifierGenerator strategy [uuid.hex] -> [org.hibernate.id.UUIDHexGenerator]
23:37:57.679 [main] DEBUG org.hibernate.orm.idgen.factory - Registering IdentifierGenerator strategy [assigned] -> [org.hibernate.id.Assigned]
23:37:57.681 [main] DEBUG org.hibernate.orm.idgen.factory - Registering IdentifierGenerator strategy [identity] -> [org.hibernate.id.IdentityGenerator]
23:37:57.681 [main] DEBUG org.hibernate.orm.idgen.factory - Registering IdentifierGenerator strategy [select] -> [org.hibernate.id.SelectGenerator]
23:37:57.681 [main] DEBUG org.hibernate.orm.idgen.factory - Registering IdentifierGenerator strategy [sequence] -> [org.hibernate.id.enhanced.SequenceStyleGenerator]
23:37:57.682 [main] DEBUG org.hibernate.orm.idgen.factory - Registering IdentifierGenerator strategy [increment] -> [org.hibernate.id.IncrementGenerator]
23:37:57.682 [main] DEBUG org.hibernate.orm.idgen.factory - Registering IdentifierGenerator strategy [foreign] -> [org.hibernate.id.ForeignGenerator]
23:37:57.682 [main] DEBUG org.hibernate.orm.idgen.factory - Registering IdentifierGenerator strategy [enhanced-sequence] -> [org.hibernate.id.enhanced.SequenceStyleGenerator]
23:37:57.683 [main] DEBUG org.hibernate.orm.idgen.factory - Registering IdentifierGenerator strategy [enhanced-table] -> [org.hibernate.id.enhanced.TableGenerator]
23:37:57.690 [main] DEBUG org.hibernate.cache.internal.RegionFactoryInitiator - Cannot default RegionFactory based on registered strategies as `[]` RegionFactory strategies were registered
23:37:57.691 [main] INFO org.hibernate.cache.internal.RegionFactoryInitiator - HHH000026: Second-level cache disabled
23:37:57.784 [main] DEBUG org.hibernate.type.BasicTypeRegistry - Adding type registration boolean -> org.hibernate.type.BasicTypeReference@7a389761
23:37:57.784 [main] DEBUG org.hibernate.type.BasicTypeRegistry - Adding type registration boolean -> org.hibernate.type.BasicTypeReference@7a389761
23:37:57.784 [main] DEBUG org.hibernate.type.BasicTypeRegistry - Adding type registration java.lang.Boolean -> org.hibernate.type.BasicTypeReference@7a389761
23:37:57.784 [main] DEBUG org.hibernate.type.BasicTypeRegistry - Adding type registration numeric_boolean -> org.hibernate.type.BasicTypeReference@42714a7
23:37:57.784 [main] DEBUG org.hibernate.type.BasicTypeRegistry - Adding type registration org.hibernate.type.NumericBooleanConverter -> org.hibernate.type.BasicTypeReference@42714a7
23:37:57.784 [main] DEBUG org.hibernate.type.BasicTypeRegistry - Adding type registration true_false -> org.hibernate.type.BasicTypeReference@19650aa6
23:37:57.784 [main] DEBUG org.hibernate.type.BasicTypeRegistry - Adding type registration org.hibernate.type.TrueFalseConverter -> org.hibernate.type.BasicTypeReference@19650aa6
23:37:57.784 [main] DEBUG org.hibernate.type.BasicTypeRegistry - Adding type registration yes_no -> org.hibernate.type.BasicTypeReference@3ce53f6a
23:37:57.784 [main] DEBUG org.hibernate.type.BasicTypeRegistry - Adding type registration org.hibernate.type.YesNoConverter -> org.hibernate.type.BasicTypeReference@3ce53f6a
23:37:57.784 [main] DEBUG org.hibernate.type.BasicTypeRegistry - Adding type registration byte -> org.hibernate.type.BasicTypeReference@2d82408
23:37:57.785 [main] DEBUG org.hibernate.type.BasicTypeRegistry - Adding type registration byte -> org.hibernate.type.BasicTypeReference@2d82408
23:37:57.785 [main] DEBUG org.hibernate.type.BasicTypeRegistry - Adding type registration java.lang.Byte -> org.hibernate.type.BasicTypeReference@2d82408
23:37:57.785 [main] DEBUG org.hibernate.type.BasicTypeRegistry - Adding type registration binary -> org.hibernate.type.BasicTypeReference@3ee69ad8
23:37:57.785 [main] DEBUG org.hibernate.type.BasicTypeRegistry - Adding type registration byte[] -> org.hibernate.type.BasicTypeReference@3ee69ad8
23:37:57.785 [main] DEBUG org.hibernate.type.BasicTypeRegistry - Adding type registration [B -> org.hibernate.type.BasicTypeReference@3ee69ad8
23:37:57.785 [main] DEBUG org.hibernate.type.BasicTypeRegistry - Adding type registration binary_wrapper -> org.hibernate.type.BasicTypeReference@f679798
23:37:57.785 [main] DEBUG org.hibernate.type.BasicTypeRegistry - Adding type registration wrapper-binary -> org.hibernate.type.BasicTypeReference@f679798
23:37:57.785 [main] DEBUG org.hibernate.type.BasicTypeRegistry - Adding type registration image -> org.hibernate.type.BasicTypeReference@1a6cf771
23:37:57.785 [main] DEBUG org.hibernate.type.BasicTypeRegistry - Adding type registration blob -> org.hibernate.type.BasicTypeReference@59d77850
23:37:57.785 [main] DEBUG org.hibernate.type.BasicTypeRegistry - Adding type registration java.sql.Blob -> org.hibernate.type.BasicTypeReference@59d77850
23:37:57.785 [main] DEBUG org.hibernate.type.BasicTypeRegistry - Adding type registration materialized_blob -> org.hibernate.type.BasicTypeReference@53ed09e8
23:37:57.785 [main] DEBUG org.hibernate.type.BasicTypeRegistry - Adding type registration materialized_blob_wrapper -> org.hibernate.type.BasicTypeReference@60859f5a
23:37:57.786 [main] DEBUG org.hibernate.type.BasicTypeRegistry - Adding type registration short -> org.hibernate.type.BasicTypeReference@1daf3b44
23:37:57.786 [main] DEBUG org.hibernate.type.BasicTypeRegistry - Adding type registration short -> org.hibernate.type.BasicTypeReference@1daf3b44
23:37:57.786 [main] DEBUG org.hibernate.type.BasicTypeRegistry - Adding type registration java.lang.Short -> org.hibernate.type.BasicTypeReference@1daf3b44
23:37:57.786 [main] DEBUG org.hibernate.type.BasicTypeRegistry - Adding type registration integer -> org.hibernate.type.BasicTypeReference@7fd8c559
23:37:57.786 [main] DEBUG org.hibernate.type.BasicTypeRegistry - Adding type registration int -> org.hibernate.type.BasicTypeReference@7fd8c559
23:37:57.786 [main] DEBUG org.hibernate.type.BasicTypeRegistry - Adding type registration java.lang.Integer -> org.hibernate.type.BasicTypeReference@7fd8c559
23:37:57.786 [main] DEBUG org.hibernate.type.BasicTypeRegistry - Adding type registration long -> org.hibernate.type.BasicTypeReference@44c13103
23:37:57.786 [main] DEBUG org.hibernate.type.BasicTypeRegistry - Adding type registration long -> org.hibernate.type.BasicTypeReference@44c13103
23:37:57.786 [main] DEBUG org.hibernate.type.BasicTypeRegistry - Adding type registration java.lang.Long -> org.hibernate.type.BasicTypeReference@44c13103
23:37:57.786 [main] DEBUG org.hibernate.type.BasicTypeRegistry - Adding type registration float -> org.hibernate.type.BasicTypeReference@8f2098e
23:37:57.786 [main] DEBUG org.hibernate.type.BasicTypeRegistry - Adding type registration float -> org.hibernate.type.BasicTypeReference@8f2098e
23:37:57.786 [main] DEBUG org.hibernate.type.BasicTypeRegistry - Adding type registration java.lang.Float -> org.hibernate.type.BasicTypeReference@8f2098e
23:37:57.786 [main] DEBUG org.hibernate.type.BasicTypeRegistry - Adding type registration double -> org.hibernate.type.BasicTypeReference@6c6366cf
23:37:57.786 [main] DEBUG org.hibernate.type.BasicTypeRegistry - Adding type registration double -> org.hibernate.type.BasicTypeReference@6c6366cf
23:37:57.786 [main] DEBUG org.hibernate.type.BasicTypeRegistry - Adding type registration java.lang.Double -> org.hibernate.type.BasicTypeReference@6c6366cf
23:37:57.786 [main] DEBUG org.hibernate.type.BasicTypeRegistry - Adding type registration big_integer -> org.hibernate.type.BasicTypeReference@55a88417
23:37:57.786 [main] DEBUG org.hibernate.type.BasicTypeRegistry - Adding type registration java.math.BigInteger -> org.hibernate.type.BasicTypeReference@55a88417
23:37:57.787 [main] DEBUG org.hibernate.type.BasicTypeRegistry - Adding type registration big_decimal -> org.hibernate.type.BasicTypeReference@18acfe88
23:37:57.787 [main] DEBUG org.hibernate.type.BasicTypeRegistry - Adding type registration java.math.BigDecimal -> org.hibernate.type.BasicTypeReference@18acfe88
23:37:57.787 [main] DEBUG org.hibernate.type.BasicTypeRegistry - Adding type registration character -> org.hibernate.type.BasicTypeReference@8a2a6a
23:37:57.787 [main] DEBUG org.hibernate.type.BasicTypeRegistry - Adding type registration char -> org.hibernate.type.BasicTypeReference@8a2a6a
23:37:57.787 [main] DEBUG org.hibernate.type.BasicTypeRegistry - Adding type registration java.lang.Character -> org.hibernate.type.BasicTypeReference@8a2a6a
23:37:57.787 [main] DEBUG org.hibernate.type.BasicTypeRegistry - Adding type registration character_nchar -> org.hibernate.type.BasicTypeReference@772861aa
23:37:57.787 [main] DEBUG org.hibernate.type.BasicTypeRegistry - Adding type registration string -> org.hibernate.type.BasicTypeReference@6631cb64
23:37:57.787 [main] DEBUG org.hibernate.type.BasicTypeRegistry - Adding type registration java.lang.String -> org.hibernate.type.BasicTypeReference@6631cb64
23:37:57.787 [main] DEBUG org.hibernate.type.BasicTypeRegistry - Adding type registration nstring -> org.hibernate.type.BasicTypeReference@19962194
23:37:57.787 [main] DEBUG org.hibernate.type.BasicTypeRegistry - Adding type registration characters -> org.hibernate.type.BasicTypeReference@481e91b6
23:37:57.787 [main] DEBUG org.hibernate.type.BasicTypeRegistry - Adding type registration char[] -> org.hibernate.type.BasicTypeReference@481e91b6
23:37:57.787 [main] DEBUG org.hibernate.type.BasicTypeRegistry - Adding type registration [C -> org.hibernate.type.BasicTypeReference@481e91b6
23:37:57.787 [main] DEBUG org.hibernate.type.BasicTypeRegistry - Adding type registration wrapper-characters -> org.hibernate.type.BasicTypeReference@7c8f9c2e
23:37:57.787 [main] DEBUG org.hibernate.type.BasicTypeRegistry - Adding type registration text -> org.hibernate.type.BasicTypeReference@140d1230
23:37:57.787 [main] DEBUG org.hibernate.type.BasicTypeRegistry - Adding type registration ntext -> org.hibernate.type.BasicTypeReference@3cbf1ba4
23:37:57.787 [main] DEBUG org.hibernate.type.BasicTypeRegistry - Adding type registration clob -> org.hibernate.type.BasicTypeReference@10bea4
23:37:57.787 [main] DEBUG org.hibernate.type.BasicTypeRegistry - Adding type registration java.sql.Clob -> org.hibernate.type.BasicTypeReference@10bea4
23:37:57.787 [main] DEBUG org.hibernate.type.BasicTypeRegistry - Adding type registration nclob -> org.hibernate.type.BasicTypeReference@7e2c64
23:37:57.787 [main] DEBUG org.hibernate.type.BasicTypeRegistry - Adding type registration java.sql.NClob -> org.hibernate.type.BasicTypeReference@7e2c64
23:37:57.788 [main] DEBUG org.hibernate.type.BasicTypeRegistry - Adding type registration materialized_clob -> org.hibernate.type.BasicTypeReference@7c1e32c9
23:37:57.788 [main] DEBUG org.hibernate.type.BasicTypeRegistry - Adding type registration materialized_clob_char_array -> org.hibernate.type.BasicTypeReference@383864d5
23:37:57.788 [main] DEBUG org.hibernate.type.BasicTypeRegistry - Adding type registration materialized_clob_character_array -> org.hibernate.type.BasicTypeReference@3dd818e8
23:37:57.788 [main] DEBUG org.hibernate.type.BasicTypeRegistry - Adding type registration materialized_nclob -> org.hibernate.type.BasicTypeReference@4cb40e3b
23:37:57.788 [main] DEBUG org.hibernate.type.BasicTypeRegistry - Adding type registration materialized_nclob_character_array -> org.hibernate.type.BasicTypeReference@41b1f51e
23:37:57.788 [main] DEBUG org.hibernate.type.BasicTypeRegistry - Adding type registration materialized_nclob_char_array -> org.hibernate.type.BasicTypeReference@3a543f31
23:37:57.788 [main] DEBUG org.hibernate.type.BasicTypeRegistry - Adding type registration Duration -> org.hibernate.type.BasicTypeReference@47b67fcb
23:37:57.788 [main] DEBUG org.hibernate.type.BasicTypeRegistry - Adding type registration java.time.Duration -> org.hibernate.type.BasicTypeReference@47b67fcb
23:37:57.788 [main] DEBUG org.hibernate.type.BasicTypeRegistry - Adding type registration LocalDateTime -> org.hibernate.type.BasicTypeReference@2b9f74d0
23:37:57.788 [main] DEBUG org.hibernate.type.BasicTypeRegistry - Adding type registration java.time.LocalDateTime -> org.hibernate.type.BasicTypeReference@2b9f74d0
23:37:57.788 [main] DEBUG org.hibernate.type.BasicTypeRegistry - Adding type registration LocalDate -> org.hibernate.type.BasicTypeReference@65c86db8
23:37:57.788 [main] DEBUG org.hibernate.type.BasicTypeRegistry - Adding type registration java.time.LocalDate -> org.hibernate.type.BasicTypeReference@65c86db8
23:37:57.788 [main] DEBUG org.hibernate.type.BasicTypeRegistry - Adding type registration LocalTime -> org.hibernate.type.BasicTypeReference@7efe7b87
23:37:57.788 [main] DEBUG org.hibernate.type.BasicTypeRegistry - Adding type registration java.time.LocalTime -> org.hibernate.type.BasicTypeReference@7efe7b87
23:37:57.788 [main] DEBUG org.hibernate.type.BasicTypeRegistry - Adding type registration OffsetDateTime -> org.hibernate.type.BasicTypeReference@ac20bb4
23:37:57.788 [main] DEBUG org.hibernate.type.BasicTypeRegistry - Adding type registration java.time.OffsetDateTime -> org.hibernate.type.BasicTypeReference@ac20bb4
23:37:57.788 [main] DEBUG org.hibernate.type.BasicTypeRegistry - Adding type registration OffsetDateTimeWithTimezone -> org.hibernate.type.BasicTypeReference@5a2bd7c8
23:37:57.788 [main] DEBUG org.hibernate.type.BasicTypeRegistry - Adding type registration OffsetDateTimeWithoutTimezone -> org.hibernate.type.BasicTypeReference@7ca8d498
23:37:57.788 [main] DEBUG org.hibernate.type.BasicTypeRegistry - Adding type registration OffsetTime -> org.hibernate.type.BasicTypeReference@7187bac9
23:37:57.789 [main] DEBUG org.hibernate.type.BasicTypeRegistry - Adding type registration java.time.OffsetTime -> org.hibernate.type.BasicTypeReference@7187bac9
23:37:57.789 [main] DEBUG org.hibernate.type.BasicTypeRegistry - Adding type registration OffsetTimeUtc -> org.hibernate.type.BasicTypeReference@6b8280e6
23:37:57.789 [main] DEBUG org.hibernate.type.BasicTypeRegistry - Adding type registration OffsetTimeWithTimezone -> org.hibernate.type.BasicTypeReference@6f139fc9
23:37:57.789 [main] DEBUG org.hibernate.type.BasicTypeRegistry - Adding type registration OffsetTimeWithoutTimezone -> org.hibernate.type.BasicTypeReference@55259aa7
23:37:57.789 [main] DEBUG org.hibernate.type.BasicTypeRegistry - Adding type registration ZonedDateTime -> org.hibernate.type.BasicTypeReference@19382338
23:37:57.789 [main] DEBUG org.hibernate.type.BasicTypeRegistry - Adding type registration java.time.ZonedDateTime -> org.hibernate.type.BasicTypeReference@19382338
23:37:57.789 [main] DEBUG org.hibernate.type.BasicTypeRegistry - Adding type registration ZonedDateTimeWithTimezone -> org.hibernate.type.BasicTypeReference@66420549
23:37:57.789 [main] DEBUG org.hibernate.type.BasicTypeRegistry - Adding type registration ZonedDateTimeWithoutTimezone -> org.hibernate.type.BasicTypeReference@15dc339f
23:37:57.789 [main] DEBUG org.hibernate.type.BasicTypeRegistry - Adding type registration date -> org.hibernate.type.BasicTypeReference@6cd56321
23:37:57.789 [main] DEBUG org.hibernate.type.BasicTypeRegistry - Adding type registration java.sql.Date -> org.hibernate.type.BasicTypeReference@6cd56321
23:37:57.789 [main] DEBUG org.hibernate.type.BasicTypeRegistry - Adding type registration time -> org.hibernate.type.BasicTypeReference@34acbc60
23:37:57.789 [main] DEBUG org.hibernate.type.BasicTypeRegistry - Adding type registration java.sql.Time -> org.hibernate.type.BasicTypeReference@34acbc60
23:37:57.789 [main] DEBUG org.hibernate.type.BasicTypeRegistry - Adding type registration timestamp -> org.hibernate.type.BasicTypeReference@42b28ff1
23:37:57.789 [main] DEBUG org.hibernate.type.BasicTypeRegistry - Adding type registration java.sql.Timestamp -> org.hibernate.type.BasicTypeReference@42b28ff1
23:37:57.789 [main] DEBUG org.hibernate.type.BasicTypeRegistry - Adding type registration java.util.Date -> org.hibernate.type.BasicTypeReference@42b28ff1
23:37:57.789 [main] DEBUG org.hibernate.type.BasicTypeRegistry - Adding type registration calendar -> org.hibernate.type.BasicTypeReference@36061cf3
23:37:57.789 [main] DEBUG org.hibernate.type.BasicTypeRegistry - Adding type registration java.util.Calendar -> org.hibernate.type.BasicTypeReference@36061cf3
23:37:57.789 [main] DEBUG org.hibernate.type.BasicTypeRegistry - Adding type registration java.util.GregorianCalendar -> org.hibernate.type.BasicTypeReference@36061cf3
23:37:57.789 [main] DEBUG org.hibernate.type.BasicTypeRegistry - Adding type registration calendar_date -> org.hibernate.type.BasicTypeReference@718dbd79
23:37:57.789 [main] DEBUG org.hibernate.type.BasicTypeRegistry - Adding type registration calendar_time -> org.hibernate.type.BasicTypeReference@20134094
23:37:57.789 [main] DEBUG org.hibernate.type.BasicTypeRegistry - Adding type registration instant -> org.hibernate.type.BasicTypeReference@76889e60
23:37:57.790 [main] DEBUG org.hibernate.type.BasicTypeRegistry - Adding type registration java.time.Instant -> org.hibernate.type.BasicTypeReference@76889e60
23:37:57.790 [main] DEBUG org.hibernate.type.BasicTypeRegistry - Adding type registration uuid -> org.hibernate.type.BasicTypeReference@706fe5c6
23:37:57.790 [main] DEBUG org.hibernate.type.BasicTypeRegistry - Adding type registration java.util.UUID -> org.hibernate.type.BasicTypeReference@706fe5c6
23:37:57.790 [main] DEBUG org.hibernate.type.BasicTypeRegistry - Adding type registration pg-uuid -> org.hibernate.type.BasicTypeReference@706fe5c6
23:37:57.790 [main] DEBUG org.hibernate.type.BasicTypeRegistry - Adding type registration uuid-binary -> org.hibernate.type.BasicTypeReference@56380231
23:37:57.790 [main] DEBUG org.hibernate.type.BasicTypeRegistry - Adding type registration uuid-char -> org.hibernate.type.BasicTypeReference@64f1fd08
23:37:57.790 [main] DEBUG org.hibernate.type.BasicTypeRegistry - Adding type registration class -> org.hibernate.type.BasicTypeReference@6b3f6585
23:37:57.790 [main] DEBUG org.hibernate.type.BasicTypeRegistry - Adding type registration java.lang.Class -> org.hibernate.type.BasicTypeReference@6b3f6585
23:37:57.790 [main] DEBUG org.hibernate.type.BasicTypeRegistry - Adding type registration currency -> org.hibernate.type.BasicTypeReference@282ffbf5
23:37:57.790 [main] DEBUG org.hibernate.type.BasicTypeRegistry - Adding type registration Currency -> org.hibernate.type.BasicTypeReference@282ffbf5
23:37:57.791 [main] DEBUG org.hibernate.type.BasicTypeRegistry - Adding type registration java.util.Currency -> org.hibernate.type.BasicTypeReference@282ffbf5
23:37:57.791 [main] DEBUG org.hibernate.type.BasicTypeRegistry - Adding type registration locale -> org.hibernate.type.BasicTypeReference@3e104d4b
23:37:57.791 [main] DEBUG org.hibernate.type.BasicTypeRegistry - Adding type registration java.util.Locale -> org.hibernate.type.BasicTypeReference@3e104d4b
23:37:57.791 [main] DEBUG org.hibernate.type.BasicTypeRegistry - Adding type registration serializable -> org.hibernate.type.BasicTypeReference@55e2fe3c
23:37:57.791 [main] DEBUG org.hibernate.type.BasicTypeRegistry - Adding type registration java.io.Serializable -> org.hibernate.type.BasicTypeReference@55e2fe3c
23:37:57.791 [main] DEBUG org.hibernate.type.BasicTypeRegistry - Adding type registration timezone -> org.hibernate.type.BasicTypeReference@45e1aa48
23:37:57.791 [main] DEBUG org.hibernate.type.BasicTypeRegistry - Adding type registration java.util.TimeZone -> org.hibernate.type.BasicTypeReference@45e1aa48
23:37:57.791 [main] DEBUG org.hibernate.type.BasicTypeRegistry - Adding type registration ZoneOffset -> org.hibernate.type.BasicTypeReference@12c60152
23:37:57.791 [main] DEBUG org.hibernate.type.BasicTypeRegistry - Adding type registration java.time.ZoneOffset -> org.hibernate.type.BasicTypeReference@12c60152
23:37:57.791 [main] DEBUG org.hibernate.type.BasicTypeRegistry - Adding type registration url -> org.hibernate.type.BasicTypeReference@2e807c54
23:37:57.791 [main] DEBUG org.hibernate.type.BasicTypeRegistry - Adding type registration java.net.URL -> org.hibernate.type.BasicTypeReference@2e807c54
23:37:57.791 [main] DEBUG org.hibernate.type.BasicTypeRegistry - Adding type registration vector -> org.hibernate.type.BasicTypeReference@6cd164a6
23:37:57.791 [main] DEBUG org.hibernate.type.BasicTypeRegistry - Adding type registration row_version -> org.hibernate.type.BasicTypeReference@242a209e
23:37:57.796 [main] DEBUG org.hibernate.type.BasicTypeRegistry - Adding type registration object -> org.hibernate.type.JavaObjectType@31ceba99
23:37:57.796 [main] DEBUG org.hibernate.type.BasicTypeRegistry - Adding type registration java.lang.Object -> org.hibernate.type.JavaObjectType@31ceba99
23:37:57.796 [main] DEBUG org.hibernate.type.BasicTypeRegistry - Adding type registration null -> org.hibernate.type.NullType@4487c0c2
23:37:57.797 [main] DEBUG org.hibernate.type.BasicTypeRegistry - Adding type registration imm_date -> org.hibernate.type.BasicTypeReference@126f1ba8
23:37:57.797 [main] DEBUG org.hibernate.type.BasicTypeRegistry - Adding type registration imm_time -> org.hibernate.type.BasicTypeReference@3a08078c
23:37:57.797 [main] DEBUG org.hibernate.type.BasicTypeRegistry - Adding type registration imm_timestamp -> org.hibernate.type.BasicTypeReference@53830483
23:37:57.797 [main] DEBUG org.hibernate.type.BasicTypeRegistry - Adding type registration imm_calendar -> org.hibernate.type.BasicTypeReference@29f85fe1
23:37:57.797 [main] DEBUG org.hibernate.type.BasicTypeRegistry - Adding type registration imm_calendar_date -> org.hibernate.type.BasicTypeReference@43a0a32d
23:37:57.797 [main] DEBUG org.hibernate.type.BasicTypeRegistry - Adding type registration imm_calendar_time -> org.hibernate.type.BasicTypeReference@396ef8b2
23:37:57.797 [main] DEBUG org.hibernate.type.BasicTypeRegistry - Adding type registration imm_binary -> org.hibernate.type.BasicTypeReference@72825400
23:37:57.797 [main] DEBUG org.hibernate.type.BasicTypeRegistry - Adding type registration imm_serializable -> org.hibernate.type.BasicTypeReference@19ee1ae6
23:37:57.801 [main] DEBUG org.hibernate.boot.internal.BootstrapContextImpl - Injecting ScanEnvironment [org.hibernate.jpa.boot.internal.StandardJpaScanEnvironmentImpl@5c448433] into BootstrapContext; was [null]
23:37:57.802 [main] DEBUG org.hibernate.boot.internal.BootstrapContextImpl - Injecting ScanOptions [org.hibernate.boot.archive.scan.internal.StandardScanOptions@fb713e7] into BootstrapContext; was [org.hibernate.boot.archive.scan.internal.StandardScanOptions@1b5c3e5f]
23:37:57.862 [main] DEBUG org.hibernate.boot.internal.BootstrapContextImpl - Injecting JPA temp ClassLoader [null] into BootstrapContext; was [null]
23:37:57.862 [main] DEBUG org.hibernate.boot.internal.ClassLoaderAccessImpl - ClassLoaderAccessImpl#injectTempClassLoader(null) [was null]
23:37:57.877 [main] WARN org.hibernate.orm.connections.pooling - HHH10001002: Using built-in connection pool (not intended for production use)
23:37:57.883 [main] INFO org.hibernate.orm.connections.pooling - HHH10001005: Loaded JDBC driver class: com.mysql.jdbc.Driver
23:37:57.884 [main] INFO org.hibernate.orm.connections.pooling - HHH10001012: Connecting with JDBC URL [jdbc:mysql://localhost:3306/Technikon]
23:37:57.884 [main] INFO org.hibernate.orm.connections.pooling - HHH10001001: Connection properties: {password=root, user=root}
23:37:57.884 [main] INFO org.hibernate.orm.connections.pooling - HHH10001003: Autocommit mode: false
23:37:57.887 [main] DEBUG org.hibernate.orm.connections.pooling - Initializing Connection pool with 1 Connections
23:37:57.887 [main] INFO org.hibernate.orm.connections.pooling - HHH10001115: Connection pool size: 20 (min=1)
23:37:58.176 [main] DEBUG org.hibernate.engine.jdbc.env.internal.JdbcEnvironmentInitiator - Database ->
	   name : MySQL
	version : 9.0.0
	  major : 9
	  minor : 0
23:37:58.176 [main] DEBUG org.hibernate.engine.jdbc.env.internal.JdbcEnvironmentInitiator - Driver ->
	   name : MySQL Connector/J
	version : mysql-connector-j-8.0.33 (Revision: 7d6b0800528b6b25c68b52dc10d6c1c8429c100c)
	  major : 8
	  minor : 0
23:37:58.176 [main] DEBUG org.hibernate.engine.jdbc.env.internal.JdbcEnvironmentInitiator - JDBC version : 4.2
23:37:58.224 [main] WARN org.hibernate.orm.deprecation - HHH90000025: MySQLDialect does not need to be specified explicitly using 'hibernate.dialect' (remove the property setting and it will be selected by default)
23:37:58.224 [main] DEBUG org.hibernate.orm.dialect - HHH035001: Using dialect: org.hibernate.dialect.MySQLDialect, version: 9.0
23:37:58.229 [main] DEBUG org.hibernate.engine.jdbc.env.spi.IdentifierHelperBuilder - JDBC driver metadata reported database stores quoted identifiers in more than one case
23:37:58.229 [main] DEBUG org.hibernate.engine.jdbc.env.spi.IdentifierHelperBuilder - IdentifierCaseStrategy for both quoted and unquoted identifiers was set to the same strategy [LOWER]; that will likely lead to problems in schema update and validation if using quoted identifiers
23:37:58.240 [main] DEBUG org.hibernate.type.descriptor.sql.spi.DdlTypeRegistry - addDescriptor(12, org.hibernate.type.descriptor.sql.internal.CapacityDependentDdlType@2da81754) replaced previous registration(org.hibernate.type.descriptor.sql.internal.CapacityDependentDdlType@1f992a3a)
23:37:58.240 [main] DEBUG org.hibernate.type.descriptor.sql.spi.DdlTypeRegistry - addDescriptor(-9, org.hibernate.type.descriptor.sql.internal.CapacityDependentDdlType@30bf26df) replaced previous registration(org.hibernate.type.descriptor.sql.internal.CapacityDependentDdlType@261bd7b)
23:37:58.240 [main] DEBUG org.hibernate.type.descriptor.sql.spi.DdlTypeRegistry - addDescriptor(-3, org.hibernate.type.descriptor.sql.internal.CapacityDependentDdlType@6f9e08d4) replaced previous registration(org.hibernate.type.descriptor.sql.internal.CapacityDependentDdlType@390037e7)
23:37:58.240 [main] DEBUG org.hibernate.type.descriptor.sql.spi.DdlTypeRegistry - addDescriptor(4003, org.hibernate.type.descriptor.sql.internal.DdlTypeImpl@704067c6) replaced previous registration(org.hibernate.type.descriptor.sql.internal.DdlTypeImpl@7f4596d0)
23:37:58.240 [main] DEBUG org.hibernate.type.descriptor.sql.spi.DdlTypeRegistry - addDescriptor(4001, org.hibernate.type.descriptor.sql.internal.DdlTypeImpl@6002e944) replaced previous registration(org.hibernate.type.descriptor.sql.internal.DdlTypeImpl@588545ac)
23:37:58.240 [main] DEBUG org.hibernate.type.descriptor.sql.spi.DdlTypeRegistry - addDescriptor(4002, org.hibernate.type.descriptor.sql.internal.DdlTypeImpl@2b08772d) replaced previous registration(org.hibernate.type.descriptor.sql.internal.DdlTypeImpl@78a8978a)
23:37:58.240 [main] DEBUG org.hibernate.type.descriptor.sql.spi.DdlTypeRegistry - addDescriptor(2004, org.hibernate.type.descriptor.sql.internal.CapacityDependentDdlType@f171912) replaced previous registration(org.hibernate.type.descriptor.sql.internal.DdlTypeImpl@7d4d8579)
23:37:58.240 [main] DEBUG org.hibernate.type.descriptor.sql.spi.DdlTypeRegistry - addDescriptor(2005, org.hibernate.type.descriptor.sql.internal.CapacityDependentDdlType@159424e2) replaced previous registration(org.hibernate.type.descriptor.sql.internal.DdlTypeImpl@29bcf51d)
23:37:58.240 [main] DEBUG org.hibernate.type.descriptor.sql.spi.DdlTypeRegistry - addDescriptor(2011, org.hibernate.type.descriptor.sql.internal.CapacityDependentDdlType@1e54a6b1) replaced previous registration(org.hibernate.type.descriptor.sql.internal.DdlTypeImpl@f238e4f)
23:37:58.242 [main] DEBUG org.hibernate.type.descriptor.jdbc.spi.JdbcTypeRegistry - addDescriptor(NCharTypeDescriptor) replaced previous registration(CharTypeDescriptor)
23:37:58.242 [main] DEBUG org.hibernate.type.descriptor.jdbc.spi.JdbcTypeRegistry - addDescriptor(NVarcharTypeDescriptor) replaced previous registration(VarcharTypeDescriptor)
23:37:58.242 [main] DEBUG org.hibernate.type.descriptor.jdbc.spi.JdbcTypeRegistry - addDescriptor(LongNVarcharTypeDescriptor) replaced previous registration(LongVarcharTypeDescriptor)
23:37:58.244 [main] DEBUG org.hibernate.type.descriptor.jdbc.spi.JdbcTypeRegistry - addDescriptor(NClobTypeDescriptor(DEFAULT)) replaced previous registration(ClobTypeDescriptor(DEFAULT))
23:37:58.244 [main] DEBUG org.hibernate.type.descriptor.jdbc.spi.JdbcTypeRegistry - addDescriptor(2005, ClobTypeDescriptor(STREAM_BINDING)) replaced previous registration(ClobTypeDescriptor(DEFAULT))
23:37:58.246 [main] DEBUG org.hibernate.type.BasicTypeRegistry - Adding type registration null -> org.hibernate.type.NullType@151ab2b9
23:37:58.246 [main] DEBUG org.hibernate.type.BasicTypeRegistry - Type registration key [null] overrode previous entry : `org.hibernate.type.NullType@4487c0c2`
23:37:58.249 [main] DEBUG org.hibernate.type.BasicTypeRegistry - Adding type registration org.hibernate.type.DurationType -> basicType@1(java.time.Duration,3015)
23:37:58.249 [main] DEBUG org.hibernate.type.BasicTypeRegistry - Adding type registration Duration -> basicType@1(java.time.Duration,3015)
23:37:58.249 [main] DEBUG org.hibernate.type.BasicTypeRegistry - Adding type registration java.time.Duration -> basicType@1(java.time.Duration,3015)
23:37:58.251 [main] DEBUG org.hibernate.type.BasicTypeRegistry - Adding type registration org.hibernate.type.OffsetDateTimeType -> basicType@2(java.time.OffsetDateTime,3003)
23:37:58.251 [main] DEBUG org.hibernate.type.BasicTypeRegistry - Adding type registration OffsetDateTime -> basicType@2(java.time.OffsetDateTime,3003)
23:37:58.251 [main] DEBUG org.hibernate.type.BasicTypeRegistry - Adding type registration java.time.OffsetDateTime -> basicType@2(java.time.OffsetDateTime,3003)
23:37:58.251 [main] DEBUG org.hibernate.type.BasicTypeRegistry - Adding type registration org.hibernate.type.ZonedDateTimeType -> basicType@3(java.time.ZonedDateTime,3003)
23:37:58.251 [main] DEBUG org.hibernate.type.BasicTypeRegistry - Adding type registration ZonedDateTime -> basicType@3(java.time.ZonedDateTime,3003)
23:37:58.251 [main] DEBUG org.hibernate.type.BasicTypeRegistry - Adding type registration java.time.ZonedDateTime -> basicType@3(java.time.ZonedDateTime,3003)
23:37:58.251 [main] DEBUG org.hibernate.type.BasicTypeRegistry - Adding type registration org.hibernate.type.OffsetTimeType -> basicType@4(java.time.OffsetTime,3007)
23:37:58.251 [main] DEBUG org.hibernate.type.BasicTypeRegistry - Adding type registration OffsetTime -> basicType@4(java.time.OffsetTime,3007)
23:37:58.251 [main] DEBUG org.hibernate.type.BasicTypeRegistry - Adding type registration java.time.OffsetTime -> basicType@4(java.time.OffsetTime,3007)
23:37:58.252 [main] DEBUG org.hibernate.type.spi.TypeConfiguration$Scope - Scoping TypeConfiguration [org.hibernate.type.spi.TypeConfiguration@151732fb] to MetadataBuildingContext [org.hibernate.boot.internal.MetadataBuildingContextRootImpl@729c8063]
23:37:58.283 [main] DEBUG org.hibernate.boot.model.relational.Namespace - Created database namespace [logicalName=Name{catalog=null, schema=null}, physicalName=Name{catalog=null, schema=null}]
23:37:58.309 [main] DEBUG org.hibernate.boot.model.internal.EntityBinder - Binding entity from annotated class: gr.ed.technikon.models.Property
23:37:58.314 [main] DEBUG org.hibernate.boot.model.internal.EntityBinder - Import with entity name Property
23:37:58.318 [main] DEBUG org.hibernate.boot.model.internal.EntityBinder - Bind entity gr.ed.technikon.models.Property on table Property
23:37:58.326 [main] DEBUG org.hibernate.boot.model.internal.AnnotatedColumn - Binding column: AnnotatedDiscriminatorColumn(column='DTYPE')
23:37:58.344 [main] DEBUG org.hibernate.boot.model.internal.AnnotatedColumn - Binding column: AnnotatedColumn()
23:37:58.345 [main] DEBUG org.hibernate.boot.internal.ClassLoaderAccessImpl - Not known whether passed class name [gr.ed.technikon.models.Property] is safe
23:37:58.345 [main] DEBUG org.hibernate.boot.internal.ClassLoaderAccessImpl - No temp ClassLoader provided; using live ClassLoader for loading potentially unsafe class : gr.ed.technikon.models.Property
23:37:58.347 [main] DEBUG org.hibernate.boot.model.internal.PropertyBinder - MetadataSourceProcessor property propertyId with lazy=false
23:37:58.350 [main] DEBUG org.hibernate.boot.model.internal.AbstractPropertyHolder - Attempting to locate auto-apply AttributeConverter for property [gr.ed.technikon.models.Property:propertyId]
23:37:58.353 [main] DEBUG org.hibernate.boot.model.internal.BasicValueBinder - building BasicValue for propertyId
23:37:58.354 [main] DEBUG org.hibernate.mapping.BasicValue - Skipping column re-registration: Property.propertyId
23:37:58.354 [main] DEBUG org.hibernate.boot.model.internal.PropertyBinder - Building property propertyId
23:37:58.356 [main] DEBUG org.hibernate.boot.model.internal.BinderHelper - #makeIdGenerator(BasicValue([Column(propertyId)]), propertyId, identity, , ...)
23:37:58.357 [main] DEBUG org.hibernate.boot.model.internal.AnnotatedColumn - Binding column: AnnotatedColumn()
23:37:58.357 [main] DEBUG org.hibernate.boot.model.internal.PropertyBinder - MetadataSourceProcessor property E9 with lazy=false
23:37:58.357 [main] DEBUG org.hibernate.boot.model.internal.AbstractPropertyHolder - Attempting to locate auto-apply AttributeConverter for property [gr.ed.technikon.models.Property:E9]
23:37:58.357 [main] DEBUG org.hibernate.boot.model.internal.BasicValueBinder - building BasicValue for E9
23:37:58.357 [main] DEBUG org.hibernate.mapping.BasicValue - Skipping column re-registration: Property.E9
23:37:58.357 [main] DEBUG org.hibernate.boot.model.internal.PropertyBinder - Building property E9
23:37:58.357 [main] DEBUG org.hibernate.boot.model.internal.AnnotatedColumn - Binding column: AnnotatedColumn()
23:37:58.357 [main] DEBUG org.hibernate.boot.model.internal.PropertyBinder - MetadataSourceProcessor property address with lazy=false
23:37:58.357 [main] DEBUG org.hibernate.boot.model.internal.AbstractPropertyHolder - Attempting to locate auto-apply AttributeConverter for property [gr.ed.technikon.models.Property:address]
23:37:58.357 [main] DEBUG org.hibernate.boot.model.internal.BasicValueBinder - building BasicValue for address
23:37:58.357 [main] DEBUG org.hibernate.mapping.BasicValue - Skipping column re-registration: Property.address
23:37:58.357 [main] DEBUG org.hibernate.boot.model.internal.PropertyBinder - Building property address
23:37:58.358 [main] DEBUG org.hibernate.boot.model.internal.AnnotatedColumn - Binding column: AnnotatedColumn(column='is_deleted')
23:37:58.358 [main] DEBUG org.hibernate.boot.model.internal.PropertyBinder - MetadataSourceProcessor property deletedProperty with lazy=false
23:37:58.358 [main] DEBUG org.hibernate.boot.model.internal.AbstractPropertyHolder - Attempting to locate auto-apply AttributeConverter for property [gr.ed.technikon.models.Property:deletedProperty]
23:37:58.358 [main] DEBUG org.hibernate.boot.model.internal.BasicValueBinder - building BasicValue for deletedProperty
23:37:58.358 [main] DEBUG org.hibernate.mapping.BasicValue - Skipping column re-registration: Property.is_deleted
23:37:58.358 [main] DEBUG org.hibernate.boot.model.internal.PropertyBinder - Building property deletedProperty
23:37:58.359 [main] DEBUG org.hibernate.boot.model.internal.AnnotatedColumn - Binding column: AnnotatedJoinColumn(column='ownerId')
23:37:58.360 [main] DEBUG org.hibernate.boot.model.internal.AnnotatedColumn - Binding column: AnnotatedColumn()
23:37:58.362 [main] DEBUG org.hibernate.boot.model.internal.PropertyBinder - Building property owner
23:37:58.362 [main] DEBUG org.hibernate.boot.model.internal.AnnotatedColumn - Binding column: AnnotatedColumn()
23:37:58.362 [main] DEBUG org.hibernate.boot.model.internal.PropertyBinder - MetadataSourceProcessor property propertyCode with lazy=false
23:37:58.362 [main] DEBUG org.hibernate.boot.model.internal.AbstractPropertyHolder - Attempting to locate auto-apply AttributeConverter for property [gr.ed.technikon.models.Property:propertyCode]
23:37:58.362 [main] DEBUG org.hibernate.boot.model.internal.BasicValueBinder - building BasicValue for propertyCode
23:37:58.362 [main] DEBUG org.hibernate.mapping.BasicValue - Skipping column re-registration: Property.propertyCode
23:37:58.362 [main] DEBUG org.hibernate.boot.model.internal.PropertyBinder - Building property propertyCode
23:37:58.364 [main] DEBUG org.hibernate.boot.model.internal.AnnotatedColumn - Binding column: AnnotatedColumn()
23:37:58.364 [main] DEBUG org.hibernate.boot.model.internal.PropertyBinder - MetadataSourceProcessor property propertyType with lazy=false
23:37:58.364 [main] DEBUG org.hibernate.boot.model.internal.AbstractPropertyHolder - Attempting to locate auto-apply AttributeConverter for property [gr.ed.technikon.models.Property:propertyType]
23:37:58.364 [main] DEBUG org.hibernate.boot.model.internal.BasicValueBinder - building BasicValue for propertyType
23:37:58.364 [main] DEBUG org.hibernate.mapping.BasicValue - Skipping column re-registration: Property.propertyType
23:37:58.364 [main] DEBUG org.hibernate.boot.model.internal.PropertyBinder - Building property propertyType
23:37:58.364 [main] DEBUG org.hibernate.boot.model.internal.AnnotatedColumn - Binding column: AnnotatedJoinColumn()
23:37:58.365 [main] DEBUG org.hibernate.boot.model.internal.AnnotatedColumn - Binding column: AnnotatedColumn()
23:37:58.376 [main] DEBUG org.hibernate.boot.model.internal.AnnotatedColumn - Binding column: IndexColumn(column='repairList_ORDER')
23:37:58.379 [main] DEBUG org.hibernate.boot.model.internal.AnnotatedColumn - Binding column: AnnotatedColumn()
23:37:58.379 [main] DEBUG org.hibernate.boot.model.internal.AnnotatedColumn - Binding column: AnnotatedColumn(column='repairList_KEY')
23:37:58.380 [main] DEBUG org.hibernate.boot.model.internal.AnnotatedColumn - Binding column: AnnotatedJoinColumn(column='repairList_KEY')
23:37:58.380 [main] DEBUG org.hibernate.boot.model.internal.AnnotatedColumn - Binding column: AnnotatedJoinColumn()
23:37:58.380 [main] DEBUG org.hibernate.boot.model.internal.AnnotatedColumn - Binding column: AnnotatedJoinColumn()
23:37:58.381 [main] DEBUG org.hibernate.boot.model.internal.CollectionBinder - Collection role: gr.ed.technikon.models.Property.repairList
23:37:58.382 [main] DEBUG org.hibernate.boot.model.internal.PropertyBinder - Building property repairList
23:37:58.382 [main] DEBUG org.hibernate.boot.model.internal.AnnotatedColumn - Binding column: AnnotatedColumn()
23:37:58.382 [main] DEBUG org.hibernate.boot.model.internal.PropertyBinder - MetadataSourceProcessor property yearOfConstruction with lazy=false
23:37:58.382 [main] DEBUG org.hibernate.boot.model.internal.AbstractPropertyHolder - Attempting to locate auto-apply AttributeConverter for property [gr.ed.technikon.models.Property:yearOfConstruction]
23:37:58.382 [main] DEBUG org.hibernate.boot.model.internal.BasicValueBinder - building BasicValue for yearOfConstruction
23:37:58.382 [main] DEBUG org.hibernate.mapping.BasicValue - Skipping column re-registration: Property.yearOfConstruction
23:37:58.382 [main] DEBUG org.hibernate.boot.model.internal.PropertyBinder - Building property yearOfConstruction
23:37:58.383 [main] DEBUG org.hibernate.boot.registry.classloading.internal.ClassLoaderServiceImpl - HHH000194: Package not found or no package-info.java: gr.ed.technikon.models
23:37:58.385 [main] DEBUG org.hibernate.boot.model.internal.EntityBinder - Binding entity from annotated class: gr.ed.technikon.models.Repair
23:37:58.385 [main] DEBUG org.hibernate.boot.model.internal.EntityBinder - Import with entity name Repair
23:37:58.385 [main] DEBUG org.hibernate.boot.model.internal.EntityBinder - Bind entity gr.ed.technikon.models.Repair on table Repair
23:37:58.385 [main] DEBUG org.hibernate.boot.model.internal.AnnotatedColumn - Binding column: AnnotatedDiscriminatorColumn(column='DTYPE')
23:37:58.387 [main] DEBUG org.hibernate.boot.model.internal.AnnotatedColumn - Binding column: AnnotatedColumn()
23:37:58.387 [main] DEBUG org.hibernate.boot.internal.ClassLoaderAccessImpl - Not known whether passed class name [gr.ed.technikon.models.Repair] is safe
23:37:58.387 [main] DEBUG org.hibernate.boot.internal.ClassLoaderAccessImpl - No temp ClassLoader provided; using live ClassLoader for loading potentially unsafe class : gr.ed.technikon.models.Repair
23:37:58.387 [main] DEBUG org.hibernate.boot.model.internal.PropertyBinder - MetadataSourceProcessor property repairId with lazy=false
23:37:58.387 [main] DEBUG org.hibernate.boot.model.internal.AbstractPropertyHolder - Attempting to locate auto-apply AttributeConverter for property [gr.ed.technikon.models.Repair:repairId]
23:37:58.387 [main] DEBUG org.hibernate.boot.model.internal.BasicValueBinder - building BasicValue for repairId
23:37:58.387 [main] DEBUG org.hibernate.mapping.BasicValue - Skipping column re-registration: Repair.repairId
23:37:58.387 [main] DEBUG org.hibernate.boot.model.internal.PropertyBinder - Building property repairId
23:37:58.387 [main] DEBUG org.hibernate.boot.model.internal.BinderHelper - #makeIdGenerator(BasicValue([Column(repairId)]), repairId, identity, , ...)
23:37:58.387 [main] DEBUG org.hibernate.boot.model.internal.AnnotatedColumn - Binding column: AnnotatedColumn()
23:37:58.387 [main] DEBUG org.hibernate.boot.model.internal.PropertyBinder - MetadataSourceProcessor property acceptance with lazy=false
23:37:58.387 [main] DEBUG org.hibernate.boot.model.internal.AbstractPropertyHolder - Attempting to locate auto-apply AttributeConverter for property [gr.ed.technikon.models.Repair:acceptance]
23:37:58.387 [main] DEBUG org.hibernate.boot.model.internal.BasicValueBinder - building BasicValue for acceptance
23:37:58.387 [main] DEBUG org.hibernate.mapping.BasicValue - Skipping column re-registration: Repair.acceptance
23:37:58.387 [main] DEBUG org.hibernate.boot.model.internal.PropertyBinder - Building property acceptance
23:37:58.388 [main] DEBUG org.hibernate.boot.model.internal.AnnotatedColumn - Binding column: AnnotatedColumn()
23:37:58.388 [main] DEBUG org.hibernate.boot.model.internal.PropertyBinder - MetadataSourceProcessor property dateOfEnd with lazy=false
23:37:58.388 [main] DEBUG org.hibernate.boot.model.internal.AbstractPropertyHolder - Attempting to locate auto-apply AttributeConverter for property [gr.ed.technikon.models.Repair:dateOfEnd]
23:37:58.388 [main] DEBUG org.hibernate.boot.model.internal.BasicValueBinder - building BasicValue for dateOfEnd
23:37:58.388 [main] DEBUG org.hibernate.mapping.BasicValue - Skipping column re-registration: Repair.dateOfEnd
23:37:58.388 [main] DEBUG org.hibernate.boot.model.internal.PropertyBinder - Building property dateOfEnd
23:37:58.388 [main] DEBUG org.hibernate.boot.model.internal.AnnotatedColumn - Binding column: AnnotatedColumn()
23:37:58.388 [main] DEBUG org.hibernate.boot.model.internal.PropertyBinder - MetadataSourceProcessor property dateOfStart with lazy=false
23:37:58.388 [main] DEBUG org.hibernate.boot.model.internal.AbstractPropertyHolder - Attempting to locate auto-apply AttributeConverter for property [gr.ed.technikon.models.Repair:dateOfStart]
23:37:58.388 [main] DEBUG org.hibernate.boot.model.internal.BasicValueBinder - building BasicValue for dateOfStart
23:37:58.388 [main] DEBUG org.hibernate.mapping.BasicValue - Skipping column re-registration: Repair.dateOfStart
23:37:58.388 [main] DEBUG org.hibernate.boot.model.internal.PropertyBinder - Building property dateOfStart
23:37:58.388 [main] DEBUG org.hibernate.boot.model.internal.AnnotatedColumn - Binding column: AnnotatedColumn()
23:37:58.388 [main] DEBUG org.hibernate.boot.model.internal.PropertyBinder - MetadataSourceProcessor property dateOfSubmission with lazy=false
23:37:58.388 [main] DEBUG org.hibernate.boot.model.internal.AbstractPropertyHolder - Attempting to locate auto-apply AttributeConverter for property [gr.ed.technikon.models.Repair:dateOfSubmission]
23:37:58.388 [main] DEBUG org.hibernate.boot.model.internal.BasicValueBinder - building BasicValue for dateOfSubmission
23:37:58.388 [main] DEBUG org.hibernate.mapping.BasicValue - Skipping column re-registration: Repair.dateOfSubmission
23:37:58.388 [main] DEBUG org.hibernate.boot.model.internal.PropertyBinder - Building property dateOfSubmission
23:37:58.388 [main] DEBUG org.hibernate.boot.model.internal.AnnotatedColumn - Binding column: AnnotatedColumn()
23:37:58.388 [main] DEBUG org.hibernate.boot.model.internal.PropertyBinder - MetadataSourceProcessor property deletedRepair with lazy=false
23:37:58.388 [main] DEBUG org.hibernate.boot.model.internal.AbstractPropertyHolder - Attempting to locate auto-apply AttributeConverter for property [gr.ed.technikon.models.Repair:deletedRepair]
23:37:58.388 [main] DEBUG org.hibernate.boot.model.internal.BasicValueBinder - building BasicValue for deletedRepair
23:37:58.388 [main] DEBUG org.hibernate.mapping.BasicValue - Skipping column re-registration: Repair.deletedRepair
23:37:58.389 [main] DEBUG org.hibernate.boot.model.internal.PropertyBinder - Building property deletedRepair
23:37:58.389 [main] DEBUG org.hibernate.boot.model.internal.AnnotatedColumn - Binding column: AnnotatedColumn()
23:37:58.389 [main] DEBUG org.hibernate.boot.model.internal.PropertyBinder - MetadataSourceProcessor property descriptionOfWork with lazy=false
23:37:58.389 [main] DEBUG org.hibernate.boot.model.internal.AbstractPropertyHolder - Attempting to locate auto-apply AttributeConverter for property [gr.ed.technikon.models.Repair:descriptionOfWork]
23:37:58.389 [main] DEBUG org.hibernate.boot.model.internal.BasicValueBinder - building BasicValue for descriptionOfWork
23:37:58.389 [main] DEBUG org.hibernate.mapping.BasicValue - Skipping column re-registration: Repair.descriptionOfWork
23:37:58.389 [main] DEBUG org.hibernate.boot.model.internal.PropertyBinder - Building property descriptionOfWork
23:37:58.389 [main] DEBUG org.hibernate.boot.model.internal.AnnotatedColumn - Binding column: AnnotatedJoinColumn(column='propertyId')
23:37:58.389 [main] DEBUG org.hibernate.boot.model.internal.AnnotatedColumn - Binding column: AnnotatedColumn()
23:37:58.389 [main] DEBUG org.hibernate.boot.model.internal.PropertyBinder - Building property property
23:37:58.389 [main] DEBUG org.hibernate.boot.model.internal.AnnotatedColumn - Binding column: AnnotatedColumn()
23:37:58.389 [main] DEBUG org.hibernate.boot.model.internal.PropertyBinder - MetadataSourceProcessor property proposedCost with lazy=false
23:37:58.389 [main] DEBUG org.hibernate.boot.model.internal.AbstractPropertyHolder - Attempting to locate auto-apply AttributeConverter for property [gr.ed.technikon.models.Repair:proposedCost]
23:37:58.389 [main] DEBUG org.hibernate.boot.model.internal.BasicValueBinder - building BasicValue for proposedCost
23:37:58.389 [main] DEBUG org.hibernate.mapping.BasicValue - Skipping column re-registration: Repair.proposedCost
23:37:58.389 [main] DEBUG org.hibernate.boot.model.internal.PropertyBinder - Building property proposedCost
23:37:58.389 [main] DEBUG org.hibernate.boot.model.internal.AnnotatedColumn - Binding column: AnnotatedColumn()
23:37:58.389 [main] DEBUG org.hibernate.boot.model.internal.PropertyBinder - MetadataSourceProcessor property proposedDateOfEnd with lazy=false
23:37:58.389 [main] DEBUG org.hibernate.boot.model.internal.AbstractPropertyHolder - Attempting to locate auto-apply AttributeConverter for property [gr.ed.technikon.models.Repair:proposedDateOfEnd]
23:37:58.389 [main] DEBUG org.hibernate.boot.model.internal.BasicValueBinder - building BasicValue for proposedDateOfEnd
23:37:58.389 [main] DEBUG org.hibernate.mapping.BasicValue - Skipping column re-registration: Repair.proposedDateOfEnd
23:37:58.389 [main] DEBUG org.hibernate.boot.model.internal.PropertyBinder - Building property proposedDateOfEnd
23:37:58.390 [main] DEBUG org.hibernate.boot.model.internal.AnnotatedColumn - Binding column: AnnotatedColumn()
23:37:58.390 [main] DEBUG org.hibernate.boot.model.internal.PropertyBinder - MetadataSourceProcessor property proposedDateOfStart with lazy=false
23:37:58.390 [main] DEBUG org.hibernate.boot.model.internal.AbstractPropertyHolder - Attempting to locate auto-apply AttributeConverter for property [gr.ed.technikon.models.Repair:proposedDateOfStart]
23:37:58.390 [main] DEBUG org.hibernate.boot.model.internal.BasicValueBinder - building BasicValue for proposedDateOfStart
23:37:58.390 [main] DEBUG org.hibernate.mapping.BasicValue - Skipping column re-registration: Repair.proposedDateOfStart
23:37:58.390 [main] DEBUG org.hibernate.boot.model.internal.PropertyBinder - Building property proposedDateOfStart
23:37:58.390 [main] DEBUG org.hibernate.boot.model.internal.AnnotatedColumn - Binding column: AnnotatedColumn()
23:37:58.390 [main] DEBUG org.hibernate.boot.model.internal.PropertyBinder - MetadataSourceProcessor property repairStatus with lazy=false
23:37:58.390 [main] DEBUG org.hibernate.boot.model.internal.AbstractPropertyHolder - Attempting to locate auto-apply AttributeConverter for property [gr.ed.technikon.models.Repair:repairStatus]
23:37:58.390 [main] DEBUG org.hibernate.boot.model.internal.BasicValueBinder - building BasicValue for repairStatus
23:37:58.390 [main] DEBUG org.hibernate.mapping.BasicValue - Skipping column re-registration: Repair.repairStatus
23:37:58.390 [main] DEBUG org.hibernate.boot.model.internal.PropertyBinder - Building property repairStatus
23:37:58.390 [main] DEBUG org.hibernate.boot.model.internal.AnnotatedColumn - Binding column: AnnotatedColumn()
23:37:58.390 [main] DEBUG org.hibernate.boot.model.internal.PropertyBinder - MetadataSourceProcessor property repairType with lazy=false
23:37:58.390 [main] DEBUG org.hibernate.boot.model.internal.AbstractPropertyHolder - Attempting to locate auto-apply AttributeConverter for property [gr.ed.technikon.models.Repair:repairType]
23:37:58.390 [main] DEBUG org.hibernate.boot.model.internal.BasicValueBinder - building BasicValue for repairType
23:37:58.390 [main] DEBUG org.hibernate.mapping.BasicValue - Skipping column re-registration: Repair.repairType
23:37:58.390 [main] DEBUG org.hibernate.boot.model.internal.PropertyBinder - Building property repairType
23:37:58.390 [main] DEBUG org.hibernate.boot.model.internal.AnnotatedColumn - Binding column: AnnotatedColumn()
23:37:58.390 [main] DEBUG org.hibernate.boot.model.internal.PropertyBinder - MetadataSourceProcessor property shortDescription with lazy=false
23:37:58.390 [main] DEBUG org.hibernate.boot.model.internal.AbstractPropertyHolder - Attempting to locate auto-apply AttributeConverter for property [gr.ed.technikon.models.Repair:shortDescription]
23:37:58.390 [main] DEBUG org.hibernate.boot.model.internal.BasicValueBinder - building BasicValue for shortDescription
23:37:58.390 [main] DEBUG org.hibernate.mapping.BasicValue - Skipping column re-registration: Repair.shortDescription
23:37:58.390 [main] DEBUG org.hibernate.boot.model.internal.PropertyBinder - Building property shortDescription
23:37:58.391 [main] DEBUG org.hibernate.boot.registry.classloading.internal.ClassLoaderServiceImpl - HHH000194: Package not found or no package-info.java: gr.ed.technikon.models
23:37:58.391 [main] DEBUG org.hibernate.boot.model.internal.EntityBinder - Binding entity from annotated class: gr.ed.technikon.models.Owner
23:37:58.391 [main] DEBUG org.hibernate.boot.model.internal.EntityBinder - Import with entity name Owner
23:37:58.391 [main] DEBUG org.hibernate.boot.model.internal.EntityBinder - Bind entity gr.ed.technikon.models.Owner on table Owner
23:37:58.391 [main] DEBUG org.hibernate.boot.model.internal.AnnotatedColumn - Binding column: AnnotatedDiscriminatorColumn(column='DTYPE')
23:37:58.392 [main] DEBUG org.hibernate.boot.model.internal.AnnotatedColumn - Binding column: AnnotatedColumn()
23:37:58.392 [main] DEBUG org.hibernate.boot.internal.ClassLoaderAccessImpl - Not known whether passed class name [gr.ed.technikon.models.Owner] is safe
23:37:58.392 [main] DEBUG org.hibernate.boot.internal.ClassLoaderAccessImpl - No temp ClassLoader provided; using live ClassLoader for loading potentially unsafe class : gr.ed.technikon.models.Owner
23:37:58.392 [main] DEBUG org.hibernate.boot.model.internal.PropertyBinder - MetadataSourceProcessor property OwnerId with lazy=false
23:37:58.392 [main] DEBUG org.hibernate.boot.model.internal.AbstractPropertyHolder - Attempting to locate auto-apply AttributeConverter for property [gr.ed.technikon.models.Owner:OwnerId]
23:37:58.392 [main] DEBUG org.hibernate.boot.model.internal.BasicValueBinder - building BasicValue for OwnerId
23:37:58.392 [main] DEBUG org.hibernate.mapping.BasicValue - Skipping column re-registration: Owner.OwnerId
23:37:58.392 [main] DEBUG org.hibernate.boot.model.internal.PropertyBinder - Building property OwnerId
23:37:58.392 [main] DEBUG org.hibernate.boot.model.internal.BinderHelper - #makeIdGenerator(BasicValue([Column(OwnerId)]), OwnerId, identity, , ...)
23:37:58.392 [main] DEBUG org.hibernate.boot.model.internal.AnnotatedColumn - Binding column: AnnotatedColumn()
23:37:58.392 [main] DEBUG org.hibernate.boot.model.internal.PropertyBinder - MetadataSourceProcessor property Address with lazy=false
23:37:58.392 [main] DEBUG org.hibernate.boot.model.internal.AbstractPropertyHolder - Attempting to locate auto-apply AttributeConverter for property [gr.ed.technikon.models.Owner:Address]
23:37:58.392 [main] DEBUG org.hibernate.boot.model.internal.BasicValueBinder - building BasicValue for Address
23:37:58.392 [main] DEBUG org.hibernate.mapping.BasicValue - Skipping column re-registration: Owner.Address
23:37:58.392 [main] DEBUG org.hibernate.boot.model.internal.PropertyBinder - Building property Address
23:37:58.394 [main] DEBUG org.hibernate.boot.model.internal.AnnotatedColumn - Binding column: AnnotatedColumn()
23:37:58.395 [main] DEBUG org.hibernate.boot.model.internal.PropertyBinder - MetadataSourceProcessor property Email with lazy=false
23:37:58.395 [main] DEBUG org.hibernate.boot.model.internal.AbstractPropertyHolder - Attempting to locate auto-apply AttributeConverter for property [gr.ed.technikon.models.Owner:Email]
23:37:58.395 [main] DEBUG org.hibernate.boot.model.internal.BasicValueBinder - building BasicValue for Email
23:37:58.395 [main] DEBUG org.hibernate.mapping.BasicValue - Skipping column re-registration: Owner.Email
23:37:58.395 [main] DEBUG org.hibernate.boot.model.internal.PropertyBinder - Building property Email
23:37:58.395 [main] DEBUG org.hibernate.boot.model.internal.AnnotatedColumn - Binding column: AnnotatedColumn()
23:37:58.395 [main] DEBUG org.hibernate.boot.model.internal.PropertyBinder - MetadataSourceProcessor property Name with lazy=false
23:37:58.395 [main] DEBUG org.hibernate.boot.model.internal.AbstractPropertyHolder - Attempting to locate auto-apply AttributeConverter for property [gr.ed.technikon.models.Owner:Name]
23:37:58.395 [main] DEBUG org.hibernate.boot.model.internal.BasicValueBinder - building BasicValue for Name
23:37:58.395 [main] DEBUG org.hibernate.mapping.BasicValue - Skipping column re-registration: Owner.Name
23:37:58.395 [main] DEBUG org.hibernate.boot.model.internal.PropertyBinder - Building property Name
23:37:58.395 [main] DEBUG org.hibernate.boot.model.internal.AnnotatedColumn - Binding column: AnnotatedColumn()
23:37:58.395 [main] DEBUG org.hibernate.boot.model.internal.PropertyBinder - MetadataSourceProcessor property PhoneNumber with lazy=false
23:37:58.395 [main] DEBUG org.hibernate.boot.model.internal.AbstractPropertyHolder - Attempting to locate auto-apply AttributeConverter for property [gr.ed.technikon.models.Owner:PhoneNumber]
23:37:58.395 [main] DEBUG org.hibernate.boot.model.internal.BasicValueBinder - building BasicValue for PhoneNumber
23:37:58.395 [main] DEBUG org.hibernate.mapping.BasicValue - Skipping column re-registration: Owner.PhoneNumber
23:37:58.395 [main] DEBUG org.hibernate.boot.model.internal.PropertyBinder - Building property PhoneNumber
23:37:58.395 [main] DEBUG org.hibernate.boot.model.internal.AnnotatedColumn - Binding column: AnnotatedColumn()
23:37:58.395 [main] DEBUG org.hibernate.boot.model.internal.PropertyBinder - MetadataSourceProcessor property SurName with lazy=false
23:37:58.395 [main] DEBUG org.hibernate.boot.model.internal.AbstractPropertyHolder - Attempting to locate auto-apply AttributeConverter for property [gr.ed.technikon.models.Owner:SurName]
23:37:58.395 [main] DEBUG org.hibernate.boot.model.internal.BasicValueBinder - building BasicValue for SurName
23:37:58.395 [main] DEBUG org.hibernate.mapping.BasicValue - Skipping column re-registration: Owner.SurName
23:37:58.395 [main] DEBUG org.hibernate.boot.model.internal.PropertyBinder - Building property SurName
23:37:58.395 [main] DEBUG org.hibernate.boot.model.internal.AnnotatedColumn - Binding column: AnnotatedColumn()
23:37:58.395 [main] DEBUG org.hibernate.boot.model.internal.PropertyBinder - MetadataSourceProcessor property Username with lazy=false
23:37:58.395 [main] DEBUG org.hibernate.boot.model.internal.AbstractPropertyHolder - Attempting to locate auto-apply AttributeConverter for property [gr.ed.technikon.models.Owner:Username]
23:37:58.395 [main] DEBUG org.hibernate.boot.model.internal.BasicValueBinder - building BasicValue for Username
23:37:58.396 [main] DEBUG org.hibernate.mapping.BasicValue - Skipping column re-registration: Owner.Username
23:37:58.396 [main] DEBUG org.hibernate.boot.model.internal.PropertyBinder - Building property Username
23:37:58.396 [main] DEBUG org.hibernate.boot.model.internal.AnnotatedColumn - Binding column: AnnotatedColumn()
23:37:58.396 [main] DEBUG org.hibernate.boot.model.internal.PropertyBinder - MetadataSourceProcessor property VatNumber with lazy=false
23:37:58.396 [main] DEBUG org.hibernate.boot.model.internal.AbstractPropertyHolder - Attempting to locate auto-apply AttributeConverter for property [gr.ed.technikon.models.Owner:VatNumber]
23:37:58.396 [main] DEBUG org.hibernate.boot.model.internal.BasicValueBinder - building BasicValue for VatNumber
23:37:58.396 [main] DEBUG org.hibernate.mapping.BasicValue - Skipping column re-registration: Owner.VatNumber
23:37:58.396 [main] DEBUG org.hibernate.boot.model.internal.PropertyBinder - Building property VatNumber
23:37:58.396 [main] DEBUG org.hibernate.boot.model.internal.AnnotatedColumn - Binding column: AnnotatedColumn()
23:37:58.396 [main] DEBUG org.hibernate.boot.model.internal.PropertyBinder - MetadataSourceProcessor property deletedOwner with lazy=false
23:37:58.396 [main] DEBUG org.hibernate.boot.model.internal.AbstractPropertyHolder - Attempting to locate auto-apply AttributeConverter for property [gr.ed.technikon.models.Owner:deletedOwner]
23:37:58.396 [main] DEBUG org.hibernate.boot.model.internal.BasicValueBinder - building BasicValue for deletedOwner
23:37:58.396 [main] DEBUG org.hibernate.mapping.BasicValue - Skipping column re-registration: Owner.deletedOwner
23:37:58.396 [main] DEBUG org.hibernate.boot.model.internal.PropertyBinder - Building property deletedOwner
23:37:58.396 [main] DEBUG org.hibernate.boot.model.internal.AnnotatedColumn - Binding column: AnnotatedColumn()
23:37:58.396 [main] DEBUG org.hibernate.boot.model.internal.PropertyBinder - MetadataSourceProcessor property password with lazy=false
23:37:58.396 [main] DEBUG org.hibernate.boot.model.internal.AbstractPropertyHolder - Attempting to locate auto-apply AttributeConverter for property [gr.ed.technikon.models.Owner:password]
23:37:58.396 [main] DEBUG org.hibernate.boot.model.internal.BasicValueBinder - building BasicValue for password
23:37:58.396 [main] DEBUG org.hibernate.mapping.BasicValue - Skipping column re-registration: Owner.password
23:37:58.396 [main] DEBUG org.hibernate.boot.model.internal.PropertyBinder - Building property password
23:37:58.396 [main] DEBUG org.hibernate.boot.model.internal.AnnotatedColumn - Binding column: AnnotatedJoinColumn()
23:37:58.397 [main] DEBUG org.hibernate.boot.model.internal.AnnotatedColumn - Binding column: AnnotatedColumn()
23:37:58.397 [main] DEBUG org.hibernate.boot.model.internal.AnnotatedColumn - Binding column: IndexColumn(column='propertyList_ORDER')
23:37:58.397 [main] DEBUG org.hibernate.boot.model.internal.AnnotatedColumn - Binding column: AnnotatedColumn()
23:37:58.397 [main] DEBUG org.hibernate.boot.model.internal.AnnotatedColumn - Binding column: AnnotatedColumn(column='propertyList_KEY')
23:37:58.397 [main] DEBUG org.hibernate.boot.model.internal.AnnotatedColumn - Binding column: AnnotatedJoinColumn(column='propertyList_KEY')
23:37:58.397 [main] DEBUG org.hibernate.boot.model.internal.AnnotatedColumn - Binding column: AnnotatedJoinColumn()
23:37:58.397 [main] DEBUG org.hibernate.boot.model.internal.AnnotatedColumn - Binding column: AnnotatedJoinColumn()
23:37:58.397 [main] DEBUG org.hibernate.boot.model.internal.CollectionBinder - Collection role: gr.ed.technikon.models.Owner.propertyList
23:37:58.397 [main] DEBUG org.hibernate.boot.model.internal.PropertyBinder - Building property propertyList
23:37:58.397 [main] DEBUG org.hibernate.boot.registry.classloading.internal.ClassLoaderServiceImpl - HHH000194: Package not found or no package-info.java: gr.ed.technikon.models
23:37:58.398 [main] DEBUG org.hibernate.boot.model.internal.BasicValueBinder - Starting `BasicValueBinder#fillSimpleValue` for propertyId
23:37:58.398 [main] DEBUG org.hibernate.boot.model.internal.BasicValueBinder - Starting `BasicValueBinder#fillSimpleValue` for E9
23:37:58.398 [main] DEBUG org.hibernate.boot.model.internal.BasicValueBinder - Starting `BasicValueBinder#fillSimpleValue` for address
23:37:58.399 [main] DEBUG org.hibernate.boot.model.internal.BasicValueBinder - Starting `BasicValueBinder#fillSimpleValue` for deletedProperty
23:37:58.399 [main] DEBUG org.hibernate.boot.model.internal.BasicValueBinder - Starting `BasicValueBinder#fillSimpleValue` for propertyCode
23:37:58.399 [main] DEBUG org.hibernate.boot.model.internal.BasicValueBinder - Starting `BasicValueBinder#fillSimpleValue` for propertyType
23:37:58.400 [main] DEBUG org.hibernate.boot.model.internal.BasicValueBinder - Starting `BasicValueBinder#fillSimpleValue` for yearOfConstruction
23:37:58.400 [main] DEBUG org.hibernate.boot.model.internal.BasicValueBinder - Starting `BasicValueBinder#fillSimpleValue` for repairId
23:37:58.400 [main] DEBUG org.hibernate.boot.model.internal.BasicValueBinder - Starting `BasicValueBinder#fillSimpleValue` for acceptance
23:37:58.400 [main] DEBUG org.hibernate.boot.model.internal.BasicValueBinder - Starting `BasicValueBinder#fillSimpleValue` for dateOfEnd
23:37:58.400 [main] DEBUG org.hibernate.boot.model.internal.BasicValueBinder - Starting `BasicValueBinder#fillSimpleValue` for dateOfStart
23:37:58.400 [main] DEBUG org.hibernate.boot.model.internal.BasicValueBinder - Starting `BasicValueBinder#fillSimpleValue` for dateOfSubmission
23:37:58.400 [main] DEBUG org.hibernate.boot.model.internal.BasicValueBinder - Starting `BasicValueBinder#fillSimpleValue` for deletedRepair
23:37:58.400 [main] DEBUG org.hibernate.boot.model.internal.BasicValueBinder - Starting `BasicValueBinder#fillSimpleValue` for descriptionOfWork
23:37:58.400 [main] DEBUG org.hibernate.boot.model.internal.BasicValueBinder - Starting `BasicValueBinder#fillSimpleValue` for proposedCost
23:37:58.400 [main] DEBUG org.hibernate.boot.model.internal.BasicValueBinder - Starting `BasicValueBinder#fillSimpleValue` for proposedDateOfEnd
23:37:58.400 [main] DEBUG org.hibernate.boot.model.internal.BasicValueBinder - Starting `BasicValueBinder#fillSimpleValue` for proposedDateOfStart
23:37:58.400 [main] DEBUG org.hibernate.boot.model.internal.BasicValueBinder - Starting `BasicValueBinder#fillSimpleValue` for repairStatus
23:37:58.400 [main] DEBUG org.hibernate.boot.model.internal.BasicValueBinder - Starting `BasicValueBinder#fillSimpleValue` for repairType
23:37:58.400 [main] DEBUG org.hibernate.boot.model.internal.BasicValueBinder - Starting `BasicValueBinder#fillSimpleValue` for shortDescription
23:37:58.400 [main] DEBUG org.hibernate.boot.model.internal.BasicValueBinder - Starting `BasicValueBinder#fillSimpleValue` for OwnerId
23:37:58.400 [main] DEBUG org.hibernate.boot.model.internal.BasicValueBinder - Starting `BasicValueBinder#fillSimpleValue` for Address
23:37:58.400 [main] DEBUG org.hibernate.boot.model.internal.BasicValueBinder - Starting `BasicValueBinder#fillSimpleValue` for Email
23:37:58.400 [main] DEBUG org.hibernate.boot.model.internal.BasicValueBinder - Starting `BasicValueBinder#fillSimpleValue` for Name
23:37:58.400 [main] DEBUG org.hibernate.boot.model.internal.BasicValueBinder - Starting `BasicValueBinder#fillSimpleValue` for PhoneNumber
23:37:58.400 [main] DEBUG org.hibernate.boot.model.internal.BasicValueBinder - Starting `BasicValueBinder#fillSimpleValue` for SurName
23:37:58.400 [main] DEBUG org.hibernate.boot.model.internal.BasicValueBinder - Starting `BasicValueBinder#fillSimpleValue` for Username
23:37:58.400 [main] DEBUG org.hibernate.boot.model.internal.BasicValueBinder - Starting `BasicValueBinder#fillSimpleValue` for VatNumber
23:37:58.400 [main] DEBUG org.hibernate.boot.model.internal.BasicValueBinder - Starting `BasicValueBinder#fillSimpleValue` for deletedOwner
23:37:58.400 [main] DEBUG org.hibernate.boot.model.internal.BasicValueBinder - Starting `BasicValueBinder#fillSimpleValue` for password
23:37:58.406 [main] DEBUG org.hibernate.mapping.PrimaryKey - Forcing column [propertyid] to be non-null as it is part of the primary key for table [property]
23:37:58.407 [main] DEBUG org.hibernate.mapping.PrimaryKey - Forcing column [repairid] to be non-null as it is part of the primary key for table [repair]
23:37:58.407 [main] DEBUG org.hibernate.mapping.PrimaryKey - Forcing column [ownerid] to be non-null as it is part of the primary key for table [owner]
23:37:58.407 [main] DEBUG org.hibernate.boot.model.internal.CollectionSecondPass - Second pass for collection: gr.ed.technikon.models.Property.repairList
23:37:58.416 [main] DEBUG org.hibernate.boot.model.internal.CollectionBinder - Binding a OneToMany: gr.ed.technikon.models.Property.repairList through a foreign key
23:37:58.418 [main] DEBUG org.hibernate.boot.model.internal.CollectionBinder - Mapping collection: gr.ed.technikon.models.Property.repairList -> Repair
23:37:58.419 [main] DEBUG org.hibernate.boot.model.internal.TableBinder - Retrieving property gr.ed.technikon.models.Repair.property
23:37:58.420 [main] DEBUG org.hibernate.boot.model.internal.CollectionSecondPass - Mapped collection key: propertyId, one-to-many: gr.ed.technikon.models.Repair
23:37:58.420 [main] DEBUG org.hibernate.boot.model.internal.CollectionSecondPass - Second pass for collection: gr.ed.technikon.models.Owner.propertyList
23:37:58.420 [main] DEBUG org.hibernate.boot.model.internal.CollectionBinder - Binding a OneToMany: gr.ed.technikon.models.Owner.propertyList through a foreign key
23:37:58.420 [main] DEBUG org.hibernate.boot.model.internal.CollectionBinder - Mapping collection: gr.ed.technikon.models.Owner.propertyList -> Property
23:37:58.421 [main] DEBUG org.hibernate.boot.model.internal.TableBinder - Retrieving property gr.ed.technikon.models.Property.owner
23:37:58.421 [main] DEBUG org.hibernate.boot.model.internal.CollectionSecondPass - Mapped collection key: ownerId, one-to-many: gr.ed.technikon.models.Property
23:37:58.490 [main] DEBUG org.hibernate.internal.SessionFactoryImpl - Building session factory
23:37:58.527 [main] DEBUG org.hibernate.service.internal.SessionFactoryServiceRegistryImpl - EventListenerRegistry access via ServiceRegistry is deprecated.  Use `sessionFactory.getEventEngine().getListenerRegistry()` instead
23:37:58.528 [main] DEBUG org.hibernate.internal.SessionFactoryImpl - Instantiating SessionFactory with settings: {hibernate.format_sql=true, java.specification.version=21, sun.cpu.isalist=amd64, sun.jnu.encoding=Cp1252, hibernate.dialect=org.hibernate.dialect.MySQLDialect, java.class.path=C:\Users\johnr\Documents\NetBeansProjects\Technikon\target\test-classes;C:\Users\johnr\Documents\NetBeansProjects\Technikon\target\classes;C:\Users\johnr\.m2\repository\org\projectlombok\lombok\1.18.34\lombok-1.18.34.jar;C:\Users\johnr\.m2\repository\org\hibernate\orm\hibernate-core\6.5.2.Final\hibernate-core-6.5.2.Final.jar;C:\Users\johnr\.m2\repository\jakarta\persistence\jakarta.persistence-api\3.1.0\jakarta.persistence-api-3.1.0.jar;C:\Users\johnr\.m2\repository\jakarta\transaction\jakarta.transaction-api\2.0.1\jakarta.transaction-api-2.0.1.jar;C:\Users\johnr\.m2\repository\org\jboss\logging\jboss-logging\3.5.0.Final\jboss-logging-3.5.0.Final.jar;C:\Users\johnr\.m2\repository\org\hibernate\common\hibernate-commons-annotations\6.0.6.Final\hibernate-commons-annotations-6.0.6.Final.jar;C:\Users\johnr\.m2\repository\io\smallrye\jandex\3.1.2\jandex-3.1.2.jar;C:\Users\johnr\.m2\repository\com\fasterxml\classmate\1.5.1\classmate-1.5.1.jar;C:\Users\johnr\.m2\repository\net\bytebuddy\byte-buddy\1.14.15\byte-buddy-1.14.15.jar;C:\Users\johnr\.m2\repository\jakarta\xml\bind\jakarta.xml.bind-api\4.0.0\jakarta.xml.bind-api-4.0.0.jar;C:\Users\johnr\.m2\repository\jakarta\activation\jakarta.activation-api\2.1.0\jakarta.activation-api-2.1.0.jar;C:\Users\johnr\.m2\repository\org\glassfish\jaxb\jaxb-runtime\4.0.2\jaxb-runtime-4.0.2.jar;C:\Users\johnr\.m2\repository\org\glassfish\jaxb\jaxb-core\4.0.2\jaxb-core-4.0.2.jar;C:\Users\johnr\.m2\repository\org\eclipse\angus\angus-activation\2.0.0\angus-activation-2.0.0.jar;C:\Users\johnr\.m2\repository\org\glassfish\jaxb\txw2\4.0.2\txw2-4.0.2.jar;C:\Users\johnr\.m2\repository\com\sun\istack\istack-commons-runtime\4.1.1\istack-commons-runtime-4.1.1.jar;C:\Users\johnr\.m2\repository\jakarta\inject\jakarta.inject-api\2.0.1\jakarta.inject-api-2.0.1.jar;C:\Users\johnr\.m2\repository\org\antlr\antlr4-runtime\4.13.0\antlr4-runtime-4.13.0.jar;C:\Users\johnr\.m2\repository\ch\qos\logback\logback-classic\1.2.11\logback-classic-1.2.11.jar;C:\Users\johnr\.m2\repository\ch\qos\logback\logback-core\1.2.11\logback-core-1.2.11.jar;C:\Users\johnr\.m2\repository\org\slf4j\slf4j-api\1.7.32\slf4j-api-1.7.32.jar;C:\Users\johnr\.m2\repository\com\mysql\mysql-connector-j\8.0.33\mysql-connector-j-8.0.33.jar;C:\Users\johnr\.m2\repository\com\google\protobuf\protobuf-java\3.21.9\protobuf-java-3.21.9.jar;C:\Users\johnr\.m2\repository\org\mockito\mockito-core\5.12.0\mockito-core-5.12.0.jar;C:\Users\johnr\.m2\repository\net\bytebuddy\byte-buddy-agent\1.14.15\byte-buddy-agent-1.14.15.jar;C:\Users\johnr\.m2\repository\org\objenesis\objenesis\3.3\objenesis-3.3.jar;C:\Users\johnr\.m2\repository\org\mockito\mockito-junit-jupiter\3.12.4\mockito-junit-jupiter-3.12.4.jar;C:\Users\johnr\.m2\repository\org\junit\jupiter\junit-jupiter-api\5.10.2\junit-jupiter-api-5.10.2.jar;C:\Users\johnr\.m2\repository\org\opentest4j\opentest4j\1.3.0\opentest4j-1.3.0.jar;C:\Users\johnr\.m2\repository\org\junit\platform\junit-platform-commons\1.10.2\junit-platform-commons-1.10.2.jar;C:\Users\johnr\.m2\repository\org\apiguardian\apiguardian-api\1.1.2\apiguardian-api-1.1.2.jar;C:\Users\johnr\.m2\repository\org\junit\jupiter\junit-jupiter-params\5.10.2\junit-jupiter-params-5.10.2.jar;C:\Users\johnr\.m2\repository\org\junit\jupiter\junit-jupiter-engine\5.10.2\junit-jupiter-engine-5.10.2.jar;C:\Users\johnr\.m2\repository\org\junit\platform\junit-platform-engine\1.10.2\junit-platform-engine-1.10.2.jar;, java.vm.vendor=Oracle Corporation, sun.arch.data.model=64, user.variant=, java.vendor.url=https://java.oracle.com/, user.timezone=Europe/Athens, javax.persistence.jdbc.url=jdbc:mysql://localhost:3306/Technikon, javax.persistence.jdbc.user=****, java.vm.specification.version=21, os.name=Windows 11, jakarta.persistence.jdbc.password=****, sun.java.launcher=SUN_STANDARD, user.country=GB, local.setting.IS_JTA_TXN_COORD=false, sun.boot.library.path=C:\Program Files\Java\jdk-21\bin, sun.java.command=C:\Users\johnr\AppData\Local\Temp\surefire15874359616719598332\surefirebooter-20240924233756148_3.jar C:\Users\johnr\AppData\Local\Temp\surefire15874359616719598332 2024-09-24T23-37-56_064-jvmRun1 surefire-20240924233756148_1tmp surefire_0-20240924233756148_2tmp, jdk.debug=release, surefire.test.class.path=C:\Users\johnr\Documents\NetBeansProjects\Technikon\target\test-classes;C:\Users\johnr\Documents\NetBeansProjects\Technikon\target\classes;C:\Users\johnr\.m2\repository\org\projectlombok\lombok\1.18.34\lombok-1.18.34.jar;C:\Users\johnr\.m2\repository\org\hibernate\orm\hibernate-core\6.5.2.Final\hibernate-core-6.5.2.Final.jar;C:\Users\johnr\.m2\repository\jakarta\persistence\jakarta.persistence-api\3.1.0\jakarta.persistence-api-3.1.0.jar;C:\Users\johnr\.m2\repository\jakarta\transaction\jakarta.transaction-api\2.0.1\jakarta.transaction-api-2.0.1.jar;C:\Users\johnr\.m2\repository\org\jboss\logging\jboss-logging\3.5.0.Final\jboss-logging-3.5.0.Final.jar;C:\Users\johnr\.m2\repository\org\hibernate\common\hibernate-commons-annotations\6.0.6.Final\hibernate-commons-annotations-6.0.6.Final.jar;C:\Users\johnr\.m2\repository\io\smallrye\jandex\3.1.2\jandex-3.1.2.jar;C:\Users\johnr\.m2\repository\com\fasterxml\classmate\1.5.1\classmate-1.5.1.jar;C:\Users\johnr\.m2\repository\net\bytebuddy\byte-buddy\1.14.15\byte-buddy-1.14.15.jar;C:\Users\johnr\.m2\repository\jakarta\xml\bind\jakarta.xml.bind-api\4.0.0\jakarta.xml.bind-api-4.0.0.jar;C:\Users\johnr\.m2\repository\jakarta\activation\jakarta.activation-api\2.1.0\jakarta.activation-api-2.1.0.jar;C:\Users\johnr\.m2\repository\org\glassfish\jaxb\jaxb-runtime\4.0.2\jaxb-runtime-4.0.2.jar;C:\Users\johnr\.m2\repository\org\glassfish\jaxb\jaxb-core\4.0.2\jaxb-core-4.0.2.jar;C:\Users\johnr\.m2\repository\org\eclipse\angus\angus-activation\2.0.0\angus-activation-2.0.0.jar;C:\Users\johnr\.m2\repository\org\glassfish\jaxb\txw2\4.0.2\txw2-4.0.2.jar;C:\Users\johnr\.m2\repository\com\sun\istack\istack-commons-runtime\4.1.1\istack-commons-runtime-4.1.1.jar;C:\Users\johnr\.m2\repository\jakarta\inject\jakarta.inject-api\2.0.1\jakarta.inject-api-2.0.1.jar;C:\Users\johnr\.m2\repository\org\antlr\antlr4-runtime\4.13.0\antlr4-runtime-4.13.0.jar;C:\Users\johnr\.m2\repository\ch\qos\logback\logback-classic\1.2.11\logback-classic-1.2.11.jar;C:\Users\johnr\.m2\repository\ch\qos\logback\logback-core\1.2.11\logback-core-1.2.11.jar;C:\Users\johnr\.m2\repository\org\slf4j\slf4j-api\1.7.32\slf4j-api-1.7.32.jar;C:\Users\johnr\.m2\repository\com\mysql\mysql-connector-j\8.0.33\mysql-connector-j-8.0.33.jar;C:\Users\johnr\.m2\repository\com\google\protobuf\protobuf-java\3.21.9\protobuf-java-3.21.9.jar;C:\Users\johnr\.m2\repository\org\mockito\mockito-core\5.12.0\mockito-core-5.12.0.jar;C:\Users\johnr\.m2\repository\net\bytebuddy\byte-buddy-agent\1.14.15\byte-buddy-agent-1.14.15.jar;C:\Users\johnr\.m2\repository\org\objenesis\objenesis\3.3\objenesis-3.3.jar;C:\Users\johnr\.m2\repository\org\mockito\mockito-junit-jupiter\3.12.4\mockito-junit-jupiter-3.12.4.jar;C:\Users\johnr\.m2\repository\org\junit\jupiter\junit-jupiter-api\5.10.2\junit-jupiter-api-5.10.2.jar;C:\Users\johnr\.m2\repository\org\opentest4j\opentest4j\1.3.0\opentest4j-1.3.0.jar;C:\Users\johnr\.m2\repository\org\junit\platform\junit-platform-commons\1.10.2\junit-platform-commons-1.10.2.jar;C:\Users\johnr\.m2\repository\org\apiguardian\apiguardian-api\1.1.2\apiguardian-api-1.1.2.jar;C:\Users\johnr\.m2\repository\org\junit\jupiter\junit-jupiter-params\5.10.2\junit-jupiter-params-5.10.2.jar;C:\Users\johnr\.m2\repository\org\junit\jupiter\junit-jupiter-engine\5.10.2\junit-jupiter-engine-5.10.2.jar;C:\Users\johnr\.m2\repository\org\junit\platform\junit-platform-engine\1.10.2\junit-platform-engine-1.10.2.jar;, jakarta.persistence.jdbc.driver=com.mysql.jdbc.Driver, sun.cpu.endian=little, user.home=C:\Users\johnr, user.langu
[...]
23:37:58.804 [main] DEBUG org.hibernate.orm.model.mapping.creation - Starting PostInitCallbackEntry : Entity(gr.ed.technikon.models.Property) `staticFetchableList` generator
23:37:58.804 [main] DEBUG org.hibernate.orm.model.mapping.creation - Starting PostInitCallbackEntry : To-one key - NavigableRole[gr.ed.technikon.models.Repair.property]
23:37:58.805 [main] DEBUG org.hibernate.orm.model.mapping.creation - Starting PostInitCallbackEntry : Entity(gr.ed.technikon.models.Repair) `staticFetchableList` generator
23:37:58.805 [main] DEBUG org.hibernate.orm.model.mapping.creation - Starting PostInitCallbackEntry : PluralAttributeMapping( NavigableRole[gr.ed.technikon.models.Owner.propertyList#{element}]) - element descriptor
23:37:58.805 [main] DEBUG org.hibernate.orm.model.mapping.creation - Starting PostInitCallbackEntry : PluralAttributeMapping(gr.ed.technikon.models.Owner.propertyList)#finishInitialization
23:37:58.805 [main] DEBUG org.hibernate.orm.model.mapping.creation - Starting PostInitCallbackEntry : PluralAttributeMapping(gr.ed.technikon.models.Owner.propertyList) - key descriptor
23:37:58.805 [main] DEBUG org.hibernate.orm.model.mapping.creation - Starting PostInitCallbackEntry : Entity(gr.ed.technikon.models.Owner) `staticFetchableList` generator
23:37:58.805 [main] DEBUG org.hibernate.orm.model.mapping.creation - Starting PostInitCallbackEntry : PluralAttributeMapping( NavigableRole[gr.ed.technikon.models.Property.repairList#{element}]) - element descriptor
23:37:58.805 [main] DEBUG org.hibernate.orm.model.mapping.creation - Starting PostInitCallbackEntry : PluralAttributeMapping( NavigableRole[gr.ed.technikon.models.Owner.propertyList#{element}]) - element descriptor
23:37:58.862 [main] DEBUG org.hibernate.orm.sql.ast.create - Created new SQL alias : p1_0
23:37:58.863 [main] DEBUG org.hibernate.orm.sql.ast.create - Registration of TableGroup [StandardTableGroup(gr.ed.technikon.models.Property)] with identifierForTableGroup [gr.ed.technikon.models.Property] for NavigablePath [gr.ed.technikon.models.Property] 
23:37:58.872 [main] DEBUG org.hibernate.orm.sql.ast.create - Registration of TableGroup [org.hibernate.sql.ast.tree.from.LazyTableGroup@359865a2] with identifierForTableGroup [gr.ed.technikon.models.Property.owner] for NavigablePath [gr.ed.technikon.models.Property.owner] 
23:37:58.874 [main] DEBUG org.hibernate.orm.sql.ast.create - Created new SQL alias : o1_0
23:37:58.881 [main] DEBUG org.hibernate.orm.results.graph.AST - DomainResult Graph:
 \-EntityResultImpl [gr.ed.technikon.models.Property]
 |  +-BasicFetch [gr.ed.technikon.models.Property.E9]
 |  +-BasicFetch [gr.ed.technikon.models.Property.address]
 |  +-BasicFetch [gr.ed.technikon.models.Property.deletedProperty]
 |  +-EntityFetchJoinedImpl [gr.ed.technikon.models.Property.owner]
 |  +-BasicFetch [gr.ed.technikon.models.Property.propertyCode]
 |  +-BasicFetch [gr.ed.technikon.models.Property.propertyType]
 |  +-DelayedCollectionFetch [gr.ed.technikon.models.Property.repairList]
 |  \-BasicFetch [gr.ed.technikon.models.Property.yearOfConstruction]

23:37:58.883 [main] DEBUG org.hibernate.orm.sql.ast.tree - SQL AST Tree:
    SelectStatement {
      FromClause {
        StandardTableGroup (p1 : gr.ed.technikon.models.Property) {
          primaryTableReference : Property as p1_0
          TableGroupJoins {
            left  join LazyTableGroup (o1 : gr.ed.technikon.models.Property.owner) {
              primaryTableReference : Owner as o1_0
            }
          }
        }
      }
    }

23:37:58.889 [main] DEBUG org.hibernate.persister.entity.AbstractEntityPersister - Static SQL for entity: gr.ed.technikon.models.Property
23:37:58.889 [main] DEBUG org.hibernate.persister.entity.AbstractEntityPersister -  Version select: select propertyId from Property where propertyId=?
23:37:58.890 [main] DEBUG org.hibernate.persister.entity.AbstractEntityPersister -  Insert (0): insert into Property (E9,address,is_deleted,ownerId,propertyCode,propertyType,yearOfConstruction) values (?,?,?,?,?,?,?)
23:37:58.890 [main] DEBUG org.hibernate.persister.entity.AbstractEntityPersister -  Update (0): update Property set E9=?,address=?,is_deleted=?,ownerId=?,propertyCode=?,propertyType=?,yearOfConstruction=? where propertyId=?
23:37:58.890 [main] DEBUG org.hibernate.persister.entity.AbstractEntityPersister -  Delete (0): delete from Property where propertyId=?
23:37:58.890 [main] DEBUG org.hibernate.orm.sql.ast.create - Created new SQL alias : r1_0
23:37:58.890 [main] DEBUG org.hibernate.orm.sql.ast.create - Registration of TableGroup [StandardTableGroup(gr.ed.technikon.models.Repair)] with identifierForTableGroup [gr.ed.technikon.models.Repair] for NavigablePath [gr.ed.technikon.models.Repair] 
23:37:58.890 [main] DEBUG org.hibernate.orm.sql.ast.create - Registration of TableGroup [org.hibernate.sql.ast.tree.from.LazyTableGroup@793d09e] with identifierForTableGroup [gr.ed.technikon.models.Repair.property] for NavigablePath [gr.ed.technikon.models.Repair.property] 
23:37:58.890 [main] DEBUG org.hibernate.orm.sql.ast.create - Created new SQL alias : p1_0
23:37:58.890 [main] DEBUG org.hibernate.orm.sql.ast.create - Registration of TableGroup [org.hibernate.sql.ast.tree.from.LazyTableGroup@68821f6] with identifierForTableGroup [gr.ed.technikon.models.Repair.property.owner] for NavigablePath [gr.ed.technikon.models.Repair.property.owner] 
23:37:58.890 [main] DEBUG org.hibernate.orm.sql.ast.create - Created new SQL alias : o1_0
23:37:58.890 [main] DEBUG org.hibernate.orm.results.graph.AST - DomainResult Graph:
 \-EntityResultImpl [gr.ed.technikon.models.Repair]
 |  +-BasicFetch [gr.ed.technikon.models.Repair.acceptance]
 |  +-BasicFetch [gr.ed.technikon.models.Repair.dateOfEnd]
 |  +-BasicFetch [gr.ed.technikon.models.Repair.dateOfStart]
 |  +-BasicFetch [gr.ed.technikon.models.Repair.dateOfSubmission]
 |  +-BasicFetch [gr.ed.technikon.models.Repair.deletedRepair]
 |  +-BasicFetch [gr.ed.technikon.models.Repair.descriptionOfWork]
 |  +-EntityFetchJoinedImpl [gr.ed.technikon.models.Repair.property]
 |  +-BasicFetch [gr.ed.technikon.models.Repair.proposedCost]
 |  +-BasicFetch [gr.ed.technikon.models.Repair.proposedDateOfEnd]
 |  +-BasicFetch [gr.ed.technikon.models.Repair.proposedDateOfStart]
 |  +-BasicFetch [gr.ed.technikon.models.Repair.repairStatus]
 |  +-BasicFetch [gr.ed.technikon.models.Repair.repairType]
 |  \-BasicFetch [gr.ed.technikon.models.Repair.shortDescription]

23:37:58.891 [main] DEBUG org.hibernate.orm.sql.ast.tree - SQL AST Tree:
    SelectStatement {
      FromClause {
        StandardTableGroup (r1 : gr.ed.technikon.models.Repair) {
          primaryTableReference : Repair as r1_0
          TableGroupJoins {
            left  join LazyTableGroup (p1 : gr.ed.technikon.models.Repair.property) {
              primaryTableReference : Property as p1_0
              TableGroupJoins {
                left  join LazyTableGroup (o1 : gr.ed.technikon.models.Repair.property.owner) {
                  primaryTableReference : Owner as o1_0
                }
              }
            }
          }
        }
      }
    }

23:37:58.891 [main] DEBUG org.hibernate.persister.entity.AbstractEntityPersister - Static SQL for entity: gr.ed.technikon.models.Repair
23:37:58.891 [main] DEBUG org.hibernate.persister.entity.AbstractEntityPersister -  Version select: select repairId from Repair where repairId=?
23:37:58.891 [main] DEBUG org.hibernate.persister.entity.AbstractEntityPersister -  Insert (0): insert into Repair (acceptance,dateOfEnd,dateOfStart,dateOfSubmission,deletedRepair,descriptionOfWork,propertyId,proposedCost,proposedDateOfEnd,proposedDateOfStart,repairStatus,repairType,shortDescription) values (?,?,?,?,?,?,?,?,?,?,?,?,?)
23:37:58.891 [main] DEBUG org.hibernate.persister.entity.AbstractEntityPersister -  Update (0): update Repair set acceptance=?,dateOfEnd=?,dateOfStart=?,dateOfSubmission=?,deletedRepair=?,descriptionOfWork=?,propertyId=?,proposedCost=?,proposedDateOfEnd=?,proposedDateOfStart=?,repairStatus=?,repairType=?,shortDescription=? where repairId=?
23:37:58.891 [main] DEBUG org.hibernate.persister.entity.AbstractEntityPersister -  Delete (0): delete from Repair where repairId=?
23:37:58.891 [main] DEBUG org.hibernate.orm.sql.ast.create - Created new SQL alias : o1_0
23:37:58.891 [main] DEBUG org.hibernate.orm.sql.ast.create - Registration of TableGroup [StandardTableGroup(gr.ed.technikon.models.Owner)] with identifierForTableGroup [gr.ed.technikon.models.Owner] for NavigablePath [gr.ed.technikon.models.Owner] 
23:37:58.891 [main] DEBUG org.hibernate.orm.results.graph.AST - DomainResult Graph:
 \-EntityResultImpl [gr.ed.technikon.models.Owner]
 |  +-BasicFetch [gr.ed.technikon.models.Owner.Address]
 |  +-BasicFetch [gr.ed.technikon.models.Owner.Email]
 |  +-BasicFetch [gr.ed.technikon.models.Owner.Name]
 |  +-BasicFetch [gr.ed.technikon.models.Owner.PhoneNumber]
 |  +-BasicFetch [gr.ed.technikon.models.Owner.SurName]
 |  +-BasicFetch [gr.ed.technikon.models.Owner.Username]
 |  +-BasicFetch [gr.ed.technikon.models.Owner.VatNumber]
 |  +-BasicFetch [gr.ed.technikon.models.Owner.deletedOwner]
 |  +-BasicFetch [gr.ed.technikon.models.Owner.password]
 |  \-DelayedCollectionFetch [gr.ed.technikon.models.Owner.propertyList]

23:37:58.891 [main] DEBUG org.hibernate.orm.sql.ast.tree - SQL AST Tree:
    SelectStatement {
      FromClause {
        StandardTableGroup (o1 : gr.ed.technikon.models.Owner) {
          primaryTableReference : Owner as o1_0
        }
      }
    }

23:37:58.891 [main] DEBUG org.hibernate.persister.entity.AbstractEntityPersister - Static SQL for entity: gr.ed.technikon.models.Owner
23:37:58.891 [main] DEBUG org.hibernate.persister.entity.AbstractEntityPersister -  Version select: select OwnerId from Owner where OwnerId=?
23:37:58.891 [main] DEBUG org.hibernate.persister.entity.AbstractEntityPersister -  Insert (0): insert into Owner (Address,Email,Name,PhoneNumber,SurName,Username,VatNumber,deletedOwner,password) values (?,?,?,?,?,?,?,?,?)
23:37:58.891 [main] DEBUG org.hibernate.persister.entity.AbstractEntityPersister -  Update (0): update Owner set Address=?,Email=?,Name=?,PhoneNumber=?,SurName=?,Username=?,VatNumber=?,deletedOwner=?,password=? where OwnerId=?
23:37:58.891 [main] DEBUG org.hibernate.persister.entity.AbstractEntityPersister -  Delete (0): delete from Owner where OwnerId=?
23:37:58.892 [main] DEBUG org.hibernate.orm.sql.ast.create - Created new SQL alias : pl1_0
23:37:58.892 [main] DEBUG org.hibernate.orm.sql.ast.create - Registration of TableGroup [org.hibernate.sql.ast.tree.from.OneToManyTableGroup@12a6e8ed] with identifierForTableGroup [gr.ed.technikon.models.Owner.propertyList] for NavigablePath [gr.ed.technikon.models.Owner.propertyList] 
23:37:58.892 [main] DEBUG org.hibernate.orm.sql.ast.create - Registration of TableGroup [StandardTableGroup(gr.ed.technikon.models.Owner.propertyList.{element})] with identifierForTableGroup [gr.ed.technikon.models.Owner.propertyList.{element}] for NavigablePath [gr.ed.technikon.models.Owner.propertyList.{element}] 
23:37:58.897 [main] DEBUG org.hibernate.orm.sql.ast.create - Registration of TableGroup [org.hibernate.sql.ast.tree.from.LazyTableGroup@59f76e56] with identifierForTableGroup [gr.ed.technikon.models.Owner.propertyList.{element}.owner] for NavigablePath [gr.ed.technikon.models.Owner.propertyList.{element}.owner] 
23:37:58.899 [main] DEBUG org.hibernate.orm.results.graph.AST - DomainResult Graph:
 \-CollectionDomainResult [gr.ed.technikon.models.Owner.propertyList]

23:37:58.899 [main] DEBUG org.hibernate.orm.sql.ast.tree - SQL AST Tree:
    SelectStatement {
      FromClause {
        OneToManyTableGroup (pl1 : gr.ed.technikon.models.Owner.propertyList) {
          primaryTableReference : Property as pl1_0
          TableGroupJoins {
            left  join LazyTableGroup (o1 : gr.ed.technikon.models.Owner.propertyList.{element}.owner) {
            }
          }
        }
      }
    }

23:37:58.899 [main] DEBUG org.hibernate.orm.jdbc.mutation - Static SQL for collection: gr.ed.technikon.models.Owner.propertyList
23:37:58.899 [main] DEBUG org.hibernate.orm.sql.ast.create - Created new SQL alias : rl1_0
23:37:58.899 [main] DEBUG org.hibernate.orm.sql.ast.create - Registration of TableGroup [org.hibernate.sql.ast.tree.from.OneToManyTableGroup@208e5b23] with identifierForTableGroup [gr.ed.technikon.models.Property.repairList] for NavigablePath [gr.ed.technikon.models.Property.repairList] 
23:37:58.899 [main] DEBUG org.hibernate.orm.sql.ast.create - Registration of TableGroup [StandardTableGroup(gr.ed.technikon.models.Property.repairList.{element})] with identifierForTableGroup [gr.ed.technikon.models.Property.repairList.{element}] for NavigablePath [gr.ed.technikon.models.Property.repairList.{element}] 
23:37:58.899 [main] DEBUG org.hibernate.orm.sql.ast.create - Registration of TableGroup [org.hibernate.sql.ast.tree.from.LazyTableGroup@2bcb1414] with identifierForTableGroup [gr.ed.technikon.models.Property.repairList.{element}.property] for NavigablePath [gr.ed.technikon.models.Property.repairList.{element}.property] 
23:37:58.900 [main] DEBUG org.hibernate.orm.results.graph.AST - DomainResult Graph:
 \-CollectionDomainResult [gr.ed.technikon.models.Property.repairList]

23:37:58.900 [main] DEBUG org.hibernate.orm.sql.ast.tree - SQL AST Tree:
    SelectStatement {
      FromClause {
        OneToManyTableGroup (rl1 : gr.ed.technikon.models.Property.repairList) {
          primaryTableReference : Repair as rl1_0
          TableGroupJoins {
            left  join LazyTableGroup (p1 : gr.ed.technikon.models.Property.repairList.{element}.property) {
            }
          }
        }
      }
    }

23:37:58.900 [main] DEBUG org.hibernate.orm.jdbc.mutation - Static SQL for collection: gr.ed.technikon.models.Property.repairList
23:37:58.924 [main] DEBUG org.hibernate.engine.transaction.jta.platform.internal.JtaPlatformInitiator - No JtaPlatform was specified, checking resolver
23:37:58.924 [main] DEBUG org.hibernate.engine.transaction.jta.platform.internal.JtaPlatformResolverInitiator - No JtaPlatformResolver was specified, using default [org.hibernate.engine.transaction.jta.platform.internal.StandardJtaPlatformResolver]
23:37:58.928 [main] DEBUG org.hibernate.engine.transaction.jta.platform.internal.StandardJtaPlatformResolver - Could not resolve JtaPlatform, using default [org.hibernate.engine.transaction.jta.platform.internal.NoJtaPlatform]
23:37:58.928 [main] INFO org.hibernate.engine.transaction.jta.platform.internal.JtaPlatformInitiator - HHH000489: No JTA platform available (set 'hibernate.transaction.jta.platform' to enable JTA platform integration)
23:37:58.928 [main] DEBUG org.hibernate.type.spi.TypeConfiguration$Scope - Scoping TypeConfiguration [org.hibernate.type.spi.TypeConfiguration@151732fb] to SessionFactoryImplementor [org.hibernate.internal.SessionFactoryImpl@1255de25]
23:37:58.929 [main] DEBUG org.hibernate.query.named.NamedObjectRepository - Checking 0 named HQL queries
23:37:58.929 [main] DEBUG org.hibernate.query.named.NamedObjectRepository - Checking 0 named SQL queries
23:37:58.945 [main] DEBUG org.hibernate.SQL - 
    alter table Property 
       drop 
       foreign key FKpcmulxog5hicvj13ktvrknyyq
23:37:58.946 [main] INFO org.hibernate.orm.connections.access - HHH10001501: Connection obtained from JdbcConnectionAccess [org.hibernate.engine.jdbc.env.internal.JdbcEnvironmentInitiator$ConnectionProviderJdbcConnectionAccess@79295932] for (non-JTA) DDL execution was not in auto-commit mode; the Connection 'local transaction' will be committed and the Connection will be set into auto-commit mode.
23:37:58.986 [main] DEBUG org.hibernate.SQL - 
    alter table Repair 
       drop 
       foreign key FKpbiknw5yocye59jxhdjk2qiyr
23:37:58.998 [main] DEBUG org.hibernate.SQL - 
    drop table if exists Owner
23:37:59.011 [main] DEBUG org.hibernate.SQL - 
    drop table if exists Property
23:37:59.022 [main] DEBUG org.hibernate.SQL - 
    drop table if exists Repair
23:37:59.044 [main] DEBUG org.hibernate.SQL - 
    create table Owner (
        deletedOwner bit not null,
        OwnerId bigint not null auto_increment,
        VatNumber bigint,
        Address varchar(255) not null,
        Email varchar(255) not null,
        Name varchar(255) not null,
        PhoneNumber varchar(255) not null,
        SurName varchar(255) not null,
        Username varchar(255) not null,
        password varchar(255) not null,
        primary key (OwnerId)
    ) engine=InnoDB
23:37:59.044 [main] INFO org.hibernate.orm.connections.access - HHH10001501: Connection obtained from JdbcConnectionAccess [org.hibernate.engine.jdbc.env.internal.JdbcEnvironmentInitiator$ConnectionProviderJdbcConnectionAccess@c4551c6] for (non-JTA) DDL execution was not in auto-commit mode; the Connection 'local transaction' will be committed and the Connection will be set into auto-commit mode.
23:37:59.065 [main] DEBUG org.hibernate.SQL - 
    create table Property (
        is_deleted bit,
        propertyType tinyint check (propertyType between 0 and 2),
        yearOfConstruction integer not null,
        E9 bigint not null,
        ownerId bigint,
        propertyCode bigint not null,
        propertyId bigint not null auto_increment,
        address varchar(255),
        primary key (propertyId)
    ) engine=InnoDB
23:37:59.082 [main] DEBUG org.hibernate.SQL - 
    create table Repair (
        acceptance bit,
        deletedRepair bit not null,
        proposedCost decimal(38,2),
        repairStatus tinyint check (repairStatus between 0 and 3),
        repairType tinyint check (repairType between 0 and 4),
        dateOfEnd datetime(6),
        dateOfStart datetime(6),
        dateOfSubmission datetime(6),
        propertyId bigint,
        proposedDateOfEnd datetime(6),
        proposedDateOfStart datetime(6),
        repairId bigint not null auto_increment,
        descriptionOfWork varchar(255),
        shortDescription varchar(255),
        primary key (repairId)
    ) engine=InnoDB
23:37:59.100 [main] DEBUG org.hibernate.SQL - 
    alter table Owner 
       add constraint UKnjfe50ujjl531aapemveyplwh unique (VatNumber)
23:37:59.114 [main] DEBUG org.hibernate.SQL - 
    alter table Owner 
       add constraint UKj6p8u5alt2nf7towe5bi668ux unique (Email)
23:37:59.125 [main] DEBUG org.hibernate.SQL - 
    alter table Property 
       add constraint FKpcmulxog5hicvj13ktvrknyyq 
       foreign key (ownerId) 
       references Owner (OwnerId)
23:37:59.177 [main] DEBUG org.hibernate.SQL - 
    alter table Repair 
       add constraint FKpbiknw5yocye59jxhdjk2qiyr 
       foreign key (propertyId) 
       references Property (propertyId)
23:37:59.235 [main] DEBUG org.hibernate.internal.SessionFactoryRegistry - Initializing SessionFactoryRegistry : org.hibernate.internal.SessionFactoryRegistry@1d9af731
23:37:59.235 [main] DEBUG org.hibernate.internal.SessionFactoryRegistry - Registering SessionFactory: 6236ea0d-b1a8-40cb-a9c3-e6c1a242f9ba (<unnamed>)
23:37:59.235 [main] DEBUG org.hibernate.internal.SessionFactoryRegistry - Not binding SessionFactory to JNDI, no JNDI name configured
23:37:59.235 [main] DEBUG org.hibernate.internal.SessionFactoryImpl - Instantiated SessionFactory
23:37:59.261 [main] DEBUG org.hibernate.stat.internal.StatisticsInitiator - Statistics initialized [enabled=false]
]]></system-out>
    <system-err><![CDATA[Loading class `com.mysql.jdbc.Driver'. This is deprecated. The new driver class is `com.mysql.cj.jdbc.Driver'. The driver is automatically registered via the SPI and manual loading of the driver class is generally unnecessary.
]]></system-err>
  </testcase>
</testsuite>